<?xml version="1.0" encoding="UTF-8"?>
<!-- Generated by org.testng.reporters.JUnitXMLReporter -->
<testsuite hostname="EPRUPETW1782" ignored="0" name="Test classes for arithmetic methods" tests="34" failures="2" timestamp="26 Jun 2018 11:35:28 GMT" time="0.039" errors="0">
  <testcase name="divDoubleTest" time="0.001" classname="tests.testng.DivDoubleTest">
    <failure type="java.lang.AssertionError" message="expected [true] but found [false]">
      <![CDATA[java.lang.AssertionError: expected [true] but found [false]
at tests.testng.DivDoubleTest.divDoubleTest(DivDoubleTest.java:15)
at java.util.concurrent.FutureTask.run(FutureTask.java:266)
at java.util.concurrent.ThreadPoolExecutor.runWorker(ThreadPoolExecutor.java:1149)
at java.util.concurrent.ThreadPoolExecutor$Worker.run(ThreadPoolExecutor.java:624)
at java.lang.Thread.run(Thread.java:748)
... Removed 20 stack frames]]>
    </failure>
  </testcase> <!-- divDoubleTest -->
  <testcase name="divDoubleTest" time="0.001" classname="tests.testng.DivDoubleTest"/>
  <testcase name="divDoubleTest" time="0.0" classname="tests.testng.DivDoubleTest"/>
  <testcase name="divDoubleTest" time="0.001" classname="tests.testng.DivDoubleTest"/>
  <testcase name="sumDoubleTest" time="0.0" classname="tests.testng.DivLongTest">
    <failure type="java.lang.NumberFormatException" message="Attempt to divide by zero">
      <![CDATA[java.lang.NumberFormatException: Attempt to divide by zero
at com.epam.tat.module4.Calculator.div(Calculator.java:34)
at tests.testng.DivLongTest.sumDoubleTest(DivLongTest.java:14)
at java.util.concurrent.FutureTask.run(FutureTask.java:266)
at java.util.concurrent.ThreadPoolExecutor.runWorker(ThreadPoolExecutor.java:1149)
at java.util.concurrent.ThreadPoolExecutor$Worker.run(ThreadPoolExecutor.java:624)
at java.lang.Thread.run(Thread.java:748)
... Removed 16 stack frames]]>
    </failure>
  </testcase> <!-- sumDoubleTest -->
  <testcase name="sumDoubleTest" time="0.0" classname="tests.testng.DivLongTest"/>
  <testcase name="sumDoubleTest" time="0.0" classname="tests.testng.DivLongTest"/>
  <testcase name="sumDoubleTest" time="0.001" classname="tests.testng.DivLongTest"/>
  <testcase name="multDoubleTest" time="0.001" classname="tests.testng.MultDoubleTest"/>
  <testcase name="multDoubleTest" time="0.0" classname="tests.testng.MultDoubleTest"/>
  <testcase name="multDoubleTest" time="0.001" classname="tests.testng.MultDoubleTest"/>
  <testcase name="multDoubleTest" time="0.001" classname="tests.testng.MultDoubleTest"/>
  <testcase name="multLongTest" time="0.0" classname="tests.testng.MultLongTest"/>
  <testcase name="multLongTest" time="0.0" classname="tests.testng.MultLongTest"/>
  <testcase name="multLongTest" time="0.0" classname="tests.testng.MultLongTest"/>
  <testcase name="multLongTest" time="0.0" classname="tests.testng.MultLongTest"/>
  <testcase name="twoPow2" time="0.0" classname="tests.testng.PowTest"/>
  <testcase name="twoPow2" time="0.0" classname="tests.testng.PowTest"/>
  <testcase name="twoPow2" time="0.0" classname="tests.testng.PowTest"/>
  <testcase name="sqrtTest" time="0.0" classname="tests.testng.SqrtTest"/>
  <testcase name="sqrtTest" time="0.001" classname="tests.testng.SqrtTest"/>
  <testcase name="sqrtTest" time="0.0" classname="tests.testng.SqrtTest"/>
  <testcase name="subDoubleTest" time="0.0" classname="tests.testng.SubDoubleTest"/>
  <testcase name="subDoubleTest" time="0.0" classname="tests.testng.SubDoubleTest"/>
  <testcase name="subDoubleTest" time="0.0" classname="tests.testng.SubDoubleTest"/>
  <testcase name="subDoubleTest" time="0.0" classname="tests.testng.SubDoubleTest"/>
  <testcase name="sumDoubleTest" time="0.0" classname="tests.testng.SumDoubleTest"/>
  <testcase name="sumDoubleTest" time="0.001" classname="tests.testng.SumDoubleTest"/>
  <testcase name="sumDoubleTest" time="0.0" classname="tests.testng.SumDoubleTest"/>
  <testcase name="subLongTest" time="0.0" classname="tests.testng.SubLongTest"/>
  <testcase name="subLongTest" time="0.0" classname="tests.testng.SubLongTest"/>
  <testcase name="subLongTest" time="0.0" classname="tests.testng.SubLongTest"/>
  <testcase name="subLongTest" time="0.0" classname="tests.testng.SubLongTest"/>
  <testcase name="subLongTest" time="0.0" classname="tests.testng.SubLongTest"/>
</testsuite> <!-- Test classes for arithmetic methods -->
