<html>
<head>
<title>TestNG:  Test classes for arithmetic methods</title>
<link href="../testng.css" rel="stylesheet" type="text/css" />
<link href="../my-testng.css" rel="stylesheet" type="text/css" />

<style type="text/css">
.log { display: none;} 
.stack-trace { display: none;} 
</style>
<script type="text/javascript">
<!--
function flip(e) {
  current = e.style.display;
  if (current == 'block') {
    e.style.display = 'none';
    return 0;
  }
  else {
    e.style.display = 'block';
    return 1;
  }
}

function toggleBox(szDivId, elem, msg1, msg2)
{
  var res = -1;  if (document.getElementById) {
    res = flip(document.getElementById(szDivId));
  }
  else if (document.all) {
    // this is the way old msie versions work
    res = flip(document.all[szDivId]);
  }
  if(elem) {
    if(res == 0) elem.innerHTML = msg1; else elem.innerHTML = msg2;
  }

}

function toggleAllBoxes() {
  if (document.getElementsByTagName) {
    d = document.getElementsByTagName('div');
    for (i = 0; i < d.length; i++) {
      if (d[i].className == 'log') {
        flip(d[i]);
      }
    }
  }
}

// -->
</script>

</head>
<body>
<h2 align='center'>Test classes for arithmetic methods</h2><table border='1' align="center">
<tr>
<td>Tests passed/Failed/Skipped:</td><td>32/2/0</td>
</tr><tr>
<td>Started on:</td><td>Tue Jun 26 14:35:28 MSK 2018</td>
</tr>
<tr><td>Total time:</td><td>0 seconds (39 ms)</td>
</tr><tr>
<td>Included groups:</td><td>arithmetic </td>
</tr><tr>
<td>Excluded groups:</td><td></td>
</tr>
</table><p/>
<small><i>(Hover the method name to see the test class name)</i></small><p/>
<table width='100%' border='1' class='invocation-failed'>
<tr><td colspan='4' align='center'><b>FAILED TESTS</b></td></tr>
<tr><td><b>Test method</b></td>
<td width="30%"><b>Exception</b></td>
<td width="10%"><b>Time (seconds)</b></td>
<td><b>Instance</b></td>
</tr>
<tr>
<td title='tests.testng.DivDoubleTest.divDoubleTest()'><b>divDoubleTest</b><br>Test class: tests.testng.DivDoubleTest<br>Parameters: 2.2, 0.0, 4.0</td>
<td><div><pre>java.lang.AssertionError: expected [true] but found [false]
	at tests.testng.DivDoubleTest.divDoubleTest(DivDoubleTest.java:15)
	at java.util.concurrent.FutureTask.run(FutureTask.java:266)
	at java.util.concurrent.ThreadPoolExecutor.runWorker(ThreadPoolExecutor.java:1149)
	at java.util.concurrent.ThreadPoolExecutor$Worker.run(ThreadPoolExecutor.java:624)
	at java.lang.Thread.run(Thread.java:748)
... Removed 20 stack frames</pre></div><a href='#' onClick='toggleBox("stack-trace251774134", this, "Click to show all stack frames", "Click to hide stack frames")'>Click to show all stack frames</a>
<div class='stack-trace' id='stack-trace251774134'><pre>java.lang.AssertionError: expected [true] but found [false]
	at org.testng.Assert.fail(Assert.java:96)
	at org.testng.Assert.failNotEquals(Assert.java:776)
	at org.testng.Assert.assertTrue(Assert.java:44)
	at org.testng.Assert.assertTrue(Assert.java:54)
	at tests.testng.DivDoubleTest.divDoubleTest(DivDoubleTest.java:15)
	at sun.reflect.NativeMethodAccessorImpl.invoke0(Native Method)
	at sun.reflect.NativeMethodAccessorImpl.invoke(NativeMethodAccessorImpl.java:62)
	at sun.reflect.DelegatingMethodAccessorImpl.invoke(DelegatingMethodAccessorImpl.java:43)
	at java.lang.reflect.Method.invoke(Method.java:498)
	at org.testng.internal.MethodInvocationHelper.invokeMethod(MethodInvocationHelper.java:124)
	at org.testng.internal.Invoker.invokeMethod(Invoker.java:583)
	at org.testng.internal.Invoker.invokeTestMethod(Invoker.java:719)
	at org.testng.internal.Invoker.invokeTestMethods(Invoker.java:989)
	at org.testng.internal.TestMethodWorker.invokeTestMethods(TestMethodWorker.java:125)
	at org.testng.internal.TestMethodWorker.run(TestMethodWorker.java:109)
	at org.testng.TestRunner.privateRun(TestRunner.java:648)
	at org.testng.TestRunner.run(TestRunner.java:505)
	at org.testng.SuiteRunner.runTest(SuiteRunner.java:455)
	at org.testng.SuiteRunner.access$000(SuiteRunner.java:40)
	at org.testng.SuiteRunner$SuiteWorker.run(SuiteRunner.java:489)
	at org.testng.internal.thread.ThreadUtil$1.call(ThreadUtil.java:52)
	at java.util.concurrent.FutureTask.run(FutureTask.java:266)
	at java.util.concurrent.ThreadPoolExecutor.runWorker(ThreadPoolExecutor.java:1149)
	at java.util.concurrent.ThreadPoolExecutor$Worker.run(ThreadPoolExecutor.java:624)
	at java.lang.Thread.run(Thread.java:748)
</pre></div></td>
<td>0</td>
<td>tests.testng.DivDoubleTest@2471cca7</td></tr>
<tr>
<td title='tests.testng.DivLongTest.sumDoubleTest()'><b>sumDoubleTest</b><br>Test class: tests.testng.DivLongTest<br>Parameters: 2, 0, 0</td>
<td><div><pre>java.lang.NumberFormatException: Attempt to divide by zero
	at com.epam.tat.module4.Calculator.div(Calculator.java:34)
	at tests.testng.DivLongTest.sumDoubleTest(DivLongTest.java:14)
	at java.util.concurrent.FutureTask.run(FutureTask.java:266)
	at java.util.concurrent.ThreadPoolExecutor.runWorker(ThreadPoolExecutor.java:1149)
	at java.util.concurrent.ThreadPoolExecutor$Worker.run(ThreadPoolExecutor.java:624)
	at java.lang.Thread.run(Thread.java:748)
... Removed 16 stack frames</pre></div><a href='#' onClick='toggleBox("stack-trace1963965661", this, "Click to show all stack frames", "Click to hide stack frames")'>Click to show all stack frames</a>
<div class='stack-trace' id='stack-trace1963965661'><pre>java.lang.NumberFormatException: Attempt to divide by zero
	at com.epam.tat.module4.Calculator.div(Calculator.java:34)
	at tests.testng.DivLongTest.sumDoubleTest(DivLongTest.java:14)
	at sun.reflect.NativeMethodAccessorImpl.invoke0(Native Method)
	at sun.reflect.NativeMethodAccessorImpl.invoke(NativeMethodAccessorImpl.java:62)
	at sun.reflect.DelegatingMethodAccessorImpl.invoke(DelegatingMethodAccessorImpl.java:43)
	at java.lang.reflect.Method.invoke(Method.java:498)
	at org.testng.internal.MethodInvocationHelper.invokeMethod(MethodInvocationHelper.java:124)
	at org.testng.internal.Invoker.invokeMethod(Invoker.java:583)
	at org.testng.internal.Invoker.invokeTestMethod(Invoker.java:719)
	at org.testng.internal.Invoker.invokeTestMethods(Invoker.java:989)
	at org.testng.internal.TestMethodWorker.invokeTestMethods(TestMethodWorker.java:125)
	at org.testng.internal.TestMethodWorker.run(TestMethodWorker.java:109)
	at org.testng.TestRunner.privateRun(TestRunner.java:648)
	at org.testng.TestRunner.run(TestRunner.java:505)
	at org.testng.SuiteRunner.runTest(SuiteRunner.java:455)
	at org.testng.SuiteRunner.access$000(SuiteRunner.java:40)
	at org.testng.SuiteRunner$SuiteWorker.run(SuiteRunner.java:489)
	at org.testng.internal.thread.ThreadUtil$1.call(ThreadUtil.java:52)
	at java.util.concurrent.FutureTask.run(FutureTask.java:266)
	at java.util.concurrent.ThreadPoolExecutor.runWorker(ThreadPoolExecutor.java:1149)
	at java.util.concurrent.ThreadPoolExecutor$Worker.run(ThreadPoolExecutor.java:624)
	at java.lang.Thread.run(Thread.java:748)
</pre></div></td>
<td>0</td>
<td>tests.testng.DivLongTest@5fe5c6f</td></tr>
</table><p>
<table width='100%' border='1' class='invocation-passed'>
<tr><td colspan='4' align='center'><b>PASSED TESTS</b></td></tr>
<tr><td><b>Test method</b></td>
<td width="30%"><b>Exception</b></td>
<td width="10%"><b>Time (seconds)</b></td>
<td><b>Instance</b></td>
</tr>
<tr>
<td title='tests.testng.DivDoubleTest.divDoubleTest()'><b>divDoubleTest</b><br>Test class: tests.testng.DivDoubleTest<br>Parameters: 8.0, -4.0, -2.0</td>
<td></td>
<td>0</td>
<td>tests.testng.DivDoubleTest@2471cca7</td></tr>
<tr>
<td title='tests.testng.DivDoubleTest.divDoubleTest()'><b>divDoubleTest</b><br>Test class: tests.testng.DivDoubleTest<br>Parameters: -100.0, -5.0, 20.0</td>
<td></td>
<td>0</td>
<td>tests.testng.DivDoubleTest@2471cca7</td></tr>
<tr>
<td title='tests.testng.DivDoubleTest.divDoubleTest()'><b>divDoubleTest</b><br>Test class: tests.testng.DivDoubleTest<br>Parameters: 20.0, 2.0, 10.0</td>
<td></td>
<td>0</td>
<td>tests.testng.DivDoubleTest@2471cca7</td></tr>
<tr>
<td title='tests.testng.MultDoubleTest.multDoubleTest()'><b>multDoubleTest</b><br>Test class: tests.testng.MultDoubleTest<br>Parameters: 2.2, 2.0, 4.0</td>
<td></td>
<td>0</td>
<td>tests.testng.MultDoubleTest@6979e8cb</td></tr>
<tr>
<td title='tests.testng.MultDoubleTest.multDoubleTest()'><b>multDoubleTest</b><br>Test class: tests.testng.MultDoubleTest<br>Parameters: 3.0, -4.0, -12.0</td>
<td></td>
<td>0</td>
<td>tests.testng.MultDoubleTest@6979e8cb</td></tr>
<tr>
<td title='tests.testng.MultDoubleTest.multDoubleTest()'><b>multDoubleTest</b><br>Test class: tests.testng.MultDoubleTest<br>Parameters: 100.0, 0.0, 0.0</td>
<td></td>
<td>0</td>
<td>tests.testng.MultDoubleTest@6979e8cb</td></tr>
<tr>
<td title='tests.testng.MultDoubleTest.multDoubleTest()'><b>multDoubleTest</b><br>Test class: tests.testng.MultDoubleTest<br>Parameters: -2.0, -2.0, 4.0</td>
<td></td>
<td>0</td>
<td>tests.testng.MultDoubleTest@6979e8cb</td></tr>
<tr>
<td title='tests.testng.MultLongTest.multLongTest()'><b>multLongTest</b><br>Test class: tests.testng.MultLongTest<br>Parameters: 2, 2, 4</td>
<td></td>
<td>0</td>
<td>tests.testng.MultLongTest@763d9750</td></tr>
<tr>
<td title='tests.testng.MultLongTest.multLongTest()'><b>multLongTest</b><br>Test class: tests.testng.MultLongTest<br>Parameters: 5, -10, -50</td>
<td></td>
<td>0</td>
<td>tests.testng.MultLongTest@763d9750</td></tr>
<tr>
<td title='tests.testng.MultLongTest.multLongTest()'><b>multLongTest</b><br>Test class: tests.testng.MultLongTest<br>Parameters: 143, 0, 0</td>
<td></td>
<td>0</td>
<td>tests.testng.MultLongTest@763d9750</td></tr>
<tr>
<td title='tests.testng.MultLongTest.multLongTest()'><b>multLongTest</b><br>Test class: tests.testng.MultLongTest<br>Parameters: -2, -5, 10</td>
<td></td>
<td>0</td>
<td>tests.testng.MultLongTest@763d9750</td></tr>
<tr>
<td title='tests.testng.SqrtTest.sqrtTest()'><b>sqrtTest</b><br>Test class: tests.testng.SqrtTest<br>Parameters: 4.0, 2.0</td>
<td></td>
<td>0</td>
<td>tests.testng.SqrtTest@2be94b0f</td></tr>
<tr>
<td title='tests.testng.SqrtTest.sqrtTest()'><b>sqrtTest</b><br>Test class: tests.testng.SqrtTest<br>Parameters: 100.0, 10.0</td>
<td></td>
<td>0</td>
<td>tests.testng.SqrtTest@2be94b0f</td></tr>
<tr>
<td title='tests.testng.SqrtTest.sqrtTest()'><b>sqrtTest</b><br>Test class: tests.testng.SqrtTest<br>Parameters: -900.0, 30.0</td>
<td></td>
<td>0</td>
<td>tests.testng.SqrtTest@2be94b0f</td></tr>
<tr>
<td title='tests.testng.SubDoubleTest.subDoubleTest()'><b>subDoubleTest</b><br>Test class: tests.testng.SubDoubleTest<br>Parameters: 2.2, 2.2, 0.0</td>
<td></td>
<td>0</td>
<td>tests.testng.SubDoubleTest@d70c109</td></tr>
<tr>
<td title='tests.testng.SubDoubleTest.subDoubleTest()'><b>subDoubleTest</b><br>Test class: tests.testng.SubDoubleTest<br>Parameters: 3.0, -4.0, 7.0</td>
<td></td>
<td>0</td>
<td>tests.testng.SubDoubleTest@d70c109</td></tr>
<tr>
<td title='tests.testng.SubDoubleTest.subDoubleTest()'><b>subDoubleTest</b><br>Test class: tests.testng.SubDoubleTest<br>Parameters: 100.0, 0.0, 100.0</td>
<td></td>
<td>0</td>
<td>tests.testng.SubDoubleTest@d70c109</td></tr>
<tr>
<td title='tests.testng.SubDoubleTest.subDoubleTest()'><b>subDoubleTest</b><br>Test class: tests.testng.SubDoubleTest<br>Parameters: -20.0, -10.0, -10.0</td>
<td></td>
<td>0</td>
<td>tests.testng.SubDoubleTest@d70c109</td></tr>
<tr>
<td title='tests.testng.SubLongTest.subLongTest()'><b>subLongTest</b><br>Test class: tests.testng.SubLongTest<br>Parameters: 2, 2, 0</td>
<td></td>
<td>0</td>
<td>tests.testng.SubLongTest@17ed40e0</td></tr>
<tr>
<td title='tests.testng.SubLongTest.subLongTest()'><b>subLongTest</b><br>Test class: tests.testng.SubLongTest<br>Parameters: 5, -10, 15</td>
<td></td>
<td>0</td>
<td>tests.testng.SubLongTest@17ed40e0</td></tr>
<tr>
<td title='tests.testng.SubLongTest.subLongTest()'><b>subLongTest</b><br>Test class: tests.testng.SubLongTest<br>Parameters: 143, 0, 143</td>
<td></td>
<td>0</td>
<td>tests.testng.SubLongTest@17ed40e0</td></tr>
<tr>
<td title='tests.testng.SubLongTest.subLongTest()'><b>subLongTest</b><br>Test class: tests.testng.SubLongTest<br>Parameters: -120, -120, 0</td>
<td></td>
<td>0</td>
<td>tests.testng.SubLongTest@17ed40e0</td></tr>
<tr>
<td title='tests.testng.SubLongTest.subLongTest()'><b>subLongTest</b><br>Test class: tests.testng.SubLongTest<br>Parameters: -130, -120, -10</td>
<td></td>
<td>0</td>
<td>tests.testng.SubLongTest@17ed40e0</td></tr>
<tr>
<td title='tests.testng.DivLongTest.sumDoubleTest()'><b>sumDoubleTest</b><br>Test class: tests.testng.DivLongTest<br>Parameters: 8, -4, -2</td>
<td></td>
<td>0</td>
<td>tests.testng.DivLongTest@5fe5c6f</td></tr>
<tr>
<td title='tests.testng.DivLongTest.sumDoubleTest()'><b>sumDoubleTest</b><br>Test class: tests.testng.DivLongTest<br>Parameters: -100, -5, 20</td>
<td></td>
<td>0</td>
<td>tests.testng.DivLongTest@5fe5c6f</td></tr>
<tr>
<td title='tests.testng.DivLongTest.sumDoubleTest()'><b>sumDoubleTest</b><br>Test class: tests.testng.DivLongTest<br>Parameters: 20, 2, 10</td>
<td></td>
<td>0</td>
<td>tests.testng.DivLongTest@5fe5c6f</td></tr>
<tr>
<td title='tests.testng.SumDoubleTest.sumDoubleTest()'><b>sumDoubleTest</b><br>Test class: tests.testng.SumDoubleTest<br>Parameters: 2.2, 2.8, 5.0</td>
<td></td>
<td>0</td>
<td>tests.testng.SumDoubleTest@50675690</td></tr>
<tr>
<td title='tests.testng.SumDoubleTest.sumDoubleTest()'><b>sumDoubleTest</b><br>Test class: tests.testng.SumDoubleTest<br>Parameters: 3.0, -4.0, -1.0</td>
<td></td>
<td>0</td>
<td>tests.testng.SumDoubleTest@50675690</td></tr>
<tr>
<td title='tests.testng.SumDoubleTest.sumDoubleTest()'><b>sumDoubleTest</b><br>Test class: tests.testng.SumDoubleTest<br>Parameters: 100.0, 0.0, 100.0</td>
<td></td>
<td>0</td>
<td>tests.testng.SumDoubleTest@50675690</td></tr>
<tr>
<td title='tests.testng.PowTest.twoPow2()'><b>twoPow2</b><br>Test class: tests.testng.PowTest<br>Parameters: 2.0, 2.0, 4.0</td>
<td></td>
<td>0</td>
<td>tests.testng.PowTest@5c0369c4</td></tr>
<tr>
<td title='tests.testng.PowTest.twoPow2()'><b>twoPow2</b><br>Test class: tests.testng.PowTest<br>Parameters: 10.0, 0.0, 1.0</td>
<td></td>
<td>0</td>
<td>tests.testng.PowTest@5c0369c4</td></tr>
<tr>
<td title='tests.testng.PowTest.twoPow2()'><b>twoPow2</b><br>Test class: tests.testng.PowTest<br>Parameters: 100.0, -1.0, 0.01</td>
<td></td>
<td>0</td>
<td>tests.testng.PowTest@5c0369c4</td></tr>
</table><p>
</body>
</html>