<!DOCTYPE html PUBLIC "-//W3C//DTD XHTML 1.1//EN" "http://www.w3.org/TR/xhtml11/DTD/xhtml11.dtd">
<html xmlns="http://www.w3.org/1999/xhtml">
<head>
<meta http-equiv="content-type" content="text/html; charset=UTF-8"/>
<title>TestNG Report</title>
<style type="text/css">table {margin-bottom:10px;border-collapse:collapse;empty-cells:show}th,td {border:1px solid #009;padding:.25em .5em}th {vertical-align:bottom}td {vertical-align:top}table a {font-weight:bold}.stripe td {background-color: #E6EBF9}.num {text-align:right}.passedodd td {background-color: #3F3}.passedeven td {background-color: #0A0}.skippedodd td {background-color: #DDD}.skippedeven td {background-color: #CCC}.failedodd td,.attn {background-color: #F33}.failedeven td,.stripe .attn {background-color: #D00}.stacktrace {white-space:pre;font-family:monospace}.totop {font-size:85%;text-align:center;border-bottom:2px solid #000}.invisible {display:none}</style>
</head>
<body>
<table>
<tr><th>Test</th><th># Passed</th><th># Skipped</th><th># Failed</th><th>Time (ms)</th><th>Included Groups</th><th>Excluded Groups</th></tr>
<tr><th colspan="7">Suite</th></tr>
<tr><td><a href="#t0">Test classes for trigonometric methods</a></td><td class="num">5</td><td class="num">0</td><td class="num attn">8</td><td class="num">71</td><td>trigonometric</td><td></td></tr>
<tr><th colspan="7">Suite (1)</th></tr>
<tr class="stripe"><td><a href="#t1">Test classes for arithmetic methods</a></td><td class="num">32</td><td class="num">0</td><td class="num attn">2</td><td class="num">39</td><td>arithmetic</td><td></td></tr>
<tr><th colspan="7">Suite (0)</th></tr>
<tr><td><a href="#t2">Test classes for other methods</a></td><td class="num">6</td><td class="num">0</td><td class="num">0</td><td class="num">11</td><td>other</td><td></td></tr>
<tr><th colspan="7">Default Suite</th></tr>
<tr><th>Total</th><th class="num">43</th><th class="num">0</th><th class="num attn">10</th><th class="num">121</th><th colspan="2"></th></tr>
</table>
<table id='summary'><thead><tr><th>Class</th><th>Method</th><th>Start</th><th>Time (ms)</th></tr></thead><tbody><tr><th colspan="4">Suite</th></tr></tbody><tbody id="t0"><tr><th colspan="4">Test classes for trigonometric methods &#8212; failed</th></tr><tr class="failedeven"><td rowspan="3">tests.testng.CosTest</td><td><a href="#m0">cosTest</a></td><td rowspan="3">1530012928282</td><td rowspan="3">3</td></tr><tr class="failedeven"><td><a href="#m1">cosTest</a></td></tr><tr class="failedeven"><td><a href="#m2">cosTest</a></td></tr><tr class="failedodd"><td rowspan="2">tests.testng.CtgTest</td><td><a href="#m3">cosTest</a></td><td rowspan="2">1530012928288</td><td rowspan="2">1</td></tr><tr class="failedodd"><td><a href="#m4">cosTest</a></td></tr><tr class="failedeven"><td rowspan="1">tests.testng.SinTest</td><td><a href="#m5">sinTest</a></td><td rowspan="1">1530012928292</td><td rowspan="1">0</td></tr><tr class="failedodd"><td rowspan="2">tests.testng.TgTest</td><td><a href="#m6">cosTest</a></td><td rowspan="2">1530012928294</td><td rowspan="2">0</td></tr><tr class="failedodd"><td><a href="#m7">cosTest</a></td></tr><tr><th colspan="4">Test classes for trigonometric methods &#8212; passed</th></tr><tr class="passedeven"><td rowspan="1">tests.testng.CtgTest</td><td><a href="#m8">cosTest</a></td><td rowspan="1">1530012928289</td><td rowspan="1">0</td></tr><tr class="passedodd"><td rowspan="3">tests.testng.SinTest</td><td><a href="#m9">sinTest</a></td><td rowspan="3">1530012928291</td><td rowspan="3">0</td></tr><tr class="passedodd"><td><a href="#m10">sinTest</a></td></tr><tr class="passedodd"><td><a href="#m11">sinTest</a></td></tr><tr class="passedeven"><td rowspan="1">tests.testng.TgTest</td><td><a href="#m12">cosTest</a></td><td rowspan="1">1530012928293</td><td rowspan="1">0</td></tr></tbody>
<tbody><tr><th colspan="4">Suite (1)</th></tr></tbody><tbody id="t1"><tr><th colspan="4">Test classes for arithmetic methods &#8212; failed</th></tr><tr class="failedeven"><td rowspan="1">tests.testng.DivDoubleTest</td><td><a href="#m13">divDoubleTest</a></td><td rowspan="1">1530012928463</td><td rowspan="1">1</td></tr><tr class="failedodd"><td rowspan="1">tests.testng.DivLongTest</td><td><a href="#m14">sumDoubleTest</a></td><td rowspan="1">1530012928472</td><td rowspan="1">0</td></tr><tr><th colspan="4">Test classes for arithmetic methods &#8212; passed</th></tr><tr class="passedeven"><td rowspan="3">tests.testng.DivDoubleTest</td><td><a href="#m15">divDoubleTest</a></td><td rowspan="3">1530012928464</td><td rowspan="3">1</td></tr><tr class="passedeven"><td><a href="#m16">divDoubleTest</a></td></tr><tr class="passedeven"><td><a href="#m17">divDoubleTest</a></td></tr><tr class="passedodd"><td rowspan="3">tests.testng.DivLongTest</td><td><a href="#m18">sumDoubleTest</a></td><td rowspan="3">1530012928473</td><td rowspan="3">0</td></tr><tr class="passedodd"><td><a href="#m19">sumDoubleTest</a></td></tr><tr class="passedodd"><td><a href="#m20">sumDoubleTest</a></td></tr><tr class="passedeven"><td rowspan="4">tests.testng.MultDoubleTest</td><td><a href="#m21">multDoubleTest</a></td><td rowspan="4">1530012928477</td><td rowspan="4">1</td></tr><tr class="passedeven"><td><a href="#m22">multDoubleTest</a></td></tr><tr class="passedeven"><td><a href="#m23">multDoubleTest</a></td></tr><tr class="passedeven"><td><a href="#m24">multDoubleTest</a></td></tr><tr class="passedodd"><td rowspan="4">tests.testng.MultLongTest</td><td><a href="#m25">multLongTest</a></td><td rowspan="4">1530012928480</td><td rowspan="4">0</td></tr><tr class="passedodd"><td><a href="#m26">multLongTest</a></td></tr><tr class="passedodd"><td><a href="#m27">multLongTest</a></td></tr><tr class="passedodd"><td><a href="#m28">multLongTest</a></td></tr><tr class="passedeven"><td rowspan="3">tests.testng.PowTest</td><td><a href="#m29">twoPow2</a></td><td rowspan="3">1530012928483</td><td rowspan="3">0</td></tr><tr class="passedeven"><td><a href="#m30">twoPow2</a></td></tr><tr class="passedeven"><td><a href="#m31">twoPow2</a></td></tr><tr class="passedodd"><td rowspan="3">tests.testng.SqrtTest</td><td><a href="#m32">sqrtTest</a></td><td rowspan="3">1530012928484</td><td rowspan="3">1</td></tr><tr class="passedodd"><td><a href="#m33">sqrtTest</a></td></tr><tr class="passedodd"><td><a href="#m34">sqrtTest</a></td></tr><tr class="passedeven"><td rowspan="4">tests.testng.SubDoubleTest</td><td><a href="#m35">subDoubleTest</a></td><td rowspan="4">1530012928488</td><td rowspan="4">0</td></tr><tr class="passedeven"><td><a href="#m36">subDoubleTest</a></td></tr><tr class="passedeven"><td><a href="#m37">subDoubleTest</a></td></tr><tr class="passedeven"><td><a href="#m38">subDoubleTest</a></td></tr><tr class="passedodd"><td rowspan="5">tests.testng.SubLongTest</td><td><a href="#m39">subLongTest</a></td><td rowspan="5">1530012928500</td><td rowspan="5">0</td></tr><tr class="passedodd"><td><a href="#m40">subLongTest</a></td></tr><tr class="passedodd"><td><a href="#m41">subLongTest</a></td></tr><tr class="passedodd"><td><a href="#m42">subLongTest</a></td></tr><tr class="passedodd"><td><a href="#m43">subLongTest</a></td></tr><tr class="passedeven"><td rowspan="3">tests.testng.SumDoubleTest</td><td><a href="#m44">sumDoubleTest</a></td><td rowspan="3">1530012928495</td><td rowspan="3">1</td></tr><tr class="passedeven"><td><a href="#m45">sumDoubleTest</a></td></tr><tr class="passedeven"><td><a href="#m46">sumDoubleTest</a></td></tr></tbody>
<tbody><tr><th colspan="4">Suite (0)</th></tr></tbody><tbody id="t2"><tr><th colspan="4">Test classes for other methods &#8212; passed</th></tr><tr class="passedeven"><td rowspan="3">tests.testng.IsNegativeTest</td><td><a href="#m47">isNegativeTest</a></td><td rowspan="3">1530012928424</td><td rowspan="3">2</td></tr><tr class="passedeven"><td><a href="#m48">isNegativeTest</a></td></tr><tr class="passedeven"><td><a href="#m49">isNegativeTest</a></td></tr><tr class="passedodd"><td rowspan="3">tests.testng.IsPositiveTest</td><td><a href="#m50">isPositiveTest</a></td><td rowspan="3">1530012928432</td><td rowspan="3">0</td></tr><tr class="passedodd"><td><a href="#m51">isPositiveTest</a></td></tr><tr class="passedodd"><td><a href="#m52">isPositiveTest</a></td></tr></tbody>
<tbody><tr><th colspan="4">Default Suite</th></tr></tbody></table>
<h2>Test classes for trigonometric methods</h2><h3 id="m0">tests.testng.CosTest#cosTest</h3><table class="result"><tr class="param"><th>Parameter #1</th><th>Parameter #2</th></tr><tr class="param stripe"><td>1.5707963267948966</td><td>0.0</td></tr><tr><th colspan="2">Exception</th></tr><tr><td colspan="2"><div class="stacktrace">java.lang.AssertionError: expected [true] but found [false]
	at tests.testng.CosTest.cosTest(CosTest.java:14)
	at java.util.concurrent.FutureTask.run(FutureTask.java:266)
	at java.util.concurrent.ThreadPoolExecutor.runWorker(ThreadPoolExecutor.java:1149)
	at java.util.concurrent.ThreadPoolExecutor$Worker.run(ThreadPoolExecutor.java:624)
	at java.lang.Thread.run(Thread.java:748)
... Removed 20 stack frames</div></td></tr></table><p class="totop"><a href="#summary">back to summary</a></p>
<h3 id="m1">tests.testng.CosTest#cosTest</h3><table class="result"><tr class="param"><th>Parameter #1</th><th>Parameter #2</th></tr><tr class="param stripe"><td>0</td><td>1.0</td></tr><tr><th colspan="2">Exception</th></tr><tr><td colspan="2"><div class="stacktrace">java.lang.AssertionError: expected [true] but found [false]
	at tests.testng.CosTest.cosTest(CosTest.java:14)
	at java.util.concurrent.FutureTask.run(FutureTask.java:266)
	at java.util.concurrent.ThreadPoolExecutor.runWorker(ThreadPoolExecutor.java:1149)
	at java.util.concurrent.ThreadPoolExecutor$Worker.run(ThreadPoolExecutor.java:624)
	at java.lang.Thread.run(Thread.java:748)
... Removed 20 stack frames</div></td></tr></table><p class="totop"><a href="#summary">back to summary</a></p>
<h3 id="m2">tests.testng.CosTest#cosTest</h3><table class="result"><tr class="param"><th>Parameter #1</th><th>Parameter #2</th></tr><tr class="param stripe"><td>3.141592653589793</td><td>-1.0</td></tr><tr><th colspan="2">Exception</th></tr><tr><td colspan="2"><div class="stacktrace">java.lang.AssertionError: expected [true] but found [false]
	at tests.testng.CosTest.cosTest(CosTest.java:14)
	at java.util.concurrent.FutureTask.run(FutureTask.java:266)
	at java.util.concurrent.ThreadPoolExecutor.runWorker(ThreadPoolExecutor.java:1149)
	at java.util.concurrent.ThreadPoolExecutor$Worker.run(ThreadPoolExecutor.java:624)
	at java.lang.Thread.run(Thread.java:748)
... Removed 20 stack frames</div></td></tr></table><p class="totop"><a href="#summary">back to summary</a></p>
<h3 id="m3">tests.testng.CtgTest#cosTest</h3><table class="result"><tr class="param"><th>Parameter #1</th><th>Parameter #2</th></tr><tr class="param stripe"><td>0.7853981633974483</td><td>1.0</td></tr><tr><th colspan="2">Exception</th></tr><tr><td colspan="2"><div class="stacktrace">java.lang.AssertionError: expected [true] but found [false]
	at tests.testng.CtgTest.cosTest(CtgTest.java:16)
	at java.util.concurrent.FutureTask.run(FutureTask.java:266)
	at java.util.concurrent.ThreadPoolExecutor.runWorker(ThreadPoolExecutor.java:1149)
	at java.util.concurrent.ThreadPoolExecutor$Worker.run(ThreadPoolExecutor.java:624)
	at java.lang.Thread.run(Thread.java:748)
... Removed 20 stack frames</div></td></tr></table><p class="totop"><a href="#summary">back to summary</a></p>
<h3 id="m4">tests.testng.CtgTest#cosTest</h3><table class="result"><tr class="param"><th>Parameter #1</th><th>Parameter #2</th></tr><tr class="param stripe"><td>1.5707963267948966</td><td>0.0</td></tr><tr><th colspan="2">Exception</th></tr><tr><td colspan="2"><div class="stacktrace">java.lang.AssertionError: expected [true] but found [false]
	at tests.testng.CtgTest.cosTest(CtgTest.java:16)
	at java.util.concurrent.FutureTask.run(FutureTask.java:266)
	at java.util.concurrent.ThreadPoolExecutor.runWorker(ThreadPoolExecutor.java:1149)
	at java.util.concurrent.ThreadPoolExecutor$Worker.run(ThreadPoolExecutor.java:624)
	at java.lang.Thread.run(Thread.java:748)
... Removed 20 stack frames</div></td></tr></table><p class="totop"><a href="#summary">back to summary</a></p>
<h3 id="m5">tests.testng.SinTest#sinTest</h3><table class="result"><tr class="param"><th>Parameter #1</th><th>Parameter #2</th></tr><tr class="param stripe"><td>0.5235987755982988</td><td>0.5</td></tr><tr><th colspan="2">Exception</th></tr><tr><td colspan="2"><div class="stacktrace">java.lang.AssertionError: expected [true] but found [false]
	at tests.testng.SinTest.sinTest(SinTest.java:15)
	at java.util.concurrent.FutureTask.run(FutureTask.java:266)
	at java.util.concurrent.ThreadPoolExecutor.runWorker(ThreadPoolExecutor.java:1149)
	at java.util.concurrent.ThreadPoolExecutor$Worker.run(ThreadPoolExecutor.java:624)
	at java.lang.Thread.run(Thread.java:748)
... Removed 20 stack frames</div></td></tr></table><p class="totop"><a href="#summary">back to summary</a></p>
<h3 id="m6">tests.testng.TgTest#cosTest</h3><table class="result"><tr class="param"><th>Parameter #1</th><th>Parameter #2</th></tr><tr class="param stripe"><td>0.0</td><td>0.0</td></tr><tr><th colspan="2">Exception</th></tr><tr><td colspan="2"><div class="stacktrace">java.lang.AssertionError: expected [true] but found [false]
	at tests.testng.TgTest.cosTest(TgTest.java:14)
	at java.util.concurrent.FutureTask.run(FutureTask.java:266)
	at java.util.concurrent.ThreadPoolExecutor.runWorker(ThreadPoolExecutor.java:1149)
	at java.util.concurrent.ThreadPoolExecutor$Worker.run(ThreadPoolExecutor.java:624)
	at java.lang.Thread.run(Thread.java:748)
... Removed 20 stack frames</div></td></tr></table><p class="totop"><a href="#summary">back to summary</a></p>
<h3 id="m7">tests.testng.TgTest#cosTest</h3><table class="result"><tr class="param"><th>Parameter #1</th><th>Parameter #2</th></tr><tr class="param stripe"><td>3.141592653589793</td><td>0.0</td></tr><tr><th colspan="2">Exception</th></tr><tr><td colspan="2"><div class="stacktrace">java.lang.AssertionError: expected [true] but found [false]
	at tests.testng.TgTest.cosTest(TgTest.java:14)
	at java.util.concurrent.FutureTask.run(FutureTask.java:266)
	at java.util.concurrent.ThreadPoolExecutor.runWorker(ThreadPoolExecutor.java:1149)
	at java.util.concurrent.ThreadPoolExecutor$Worker.run(ThreadPoolExecutor.java:624)
	at java.lang.Thread.run(Thread.java:748)
... Removed 20 stack frames</div></td></tr></table><p class="totop"><a href="#summary">back to summary</a></p>
<h3 id="m8">tests.testng.CtgTest#cosTest</h3><table class="result"><tr class="param"><th>Parameter #1</th><th>Parameter #2</th></tr><tr class="param stripe"><td>0.0</td><td>0.0</td></tr></table><p class="totop"><a href="#summary">back to summary</a></p>
<h3 id="m9">tests.testng.SinTest#sinTest</h3><table class="result"><tr class="param"><th>Parameter #1</th><th>Parameter #2</th></tr><tr class="param stripe"><td>1.5707963267948966</td><td>1.0</td></tr></table><p class="totop"><a href="#summary">back to summary</a></p>
<h3 id="m10">tests.testng.SinTest#sinTest</h3><table class="result"><tr class="param"><th>Parameter #1</th><th>Parameter #2</th></tr><tr class="param stripe"><td>3.141592653589793</td><td>0.0</td></tr></table><p class="totop"><a href="#summary">back to summary</a></p>
<h3 id="m11">tests.testng.SinTest#sinTest</h3><table class="result"><tr class="param"><th>Parameter #1</th><th>Parameter #2</th></tr><tr class="param stripe"><td>0</td><td>0.0</td></tr></table><p class="totop"><a href="#summary">back to summary</a></p>
<h3 id="m12">tests.testng.TgTest#cosTest</h3><table class="result"><tr class="param"><th>Parameter #1</th><th>Parameter #2</th></tr><tr class="param stripe"><td>0.7853981633974483</td><td>1.0</td></tr></table><p class="totop"><a href="#summary">back to summary</a></p>
<h2>Test classes for arithmetic methods</h2><h3 id="m13">tests.testng.DivDoubleTest#divDoubleTest</h3><table class="result"><tr class="param"><th>Parameter #1</th><th>Parameter #2</th><th>Parameter #3</th></tr><tr class="param stripe"><td>2.2</td><td>0.0</td><td>4.0</td></tr><tr><th colspan="3">Exception</th></tr><tr><td colspan="3"><div class="stacktrace">java.lang.AssertionError: expected [true] but found [false]
	at tests.testng.DivDoubleTest.divDoubleTest(DivDoubleTest.java:15)
	at java.util.concurrent.FutureTask.run(FutureTask.java:266)
	at java.util.concurrent.ThreadPoolExecutor.runWorker(ThreadPoolExecutor.java:1149)
	at java.util.concurrent.ThreadPoolExecutor$Worker.run(ThreadPoolExecutor.java:624)
	at java.lang.Thread.run(Thread.java:748)
... Removed 20 stack frames</div></td></tr></table><p class="totop"><a href="#summary">back to summary</a></p>
<h3 id="m14">tests.testng.DivLongTest#sumDoubleTest</h3><table class="result"><tr class="param"><th>Parameter #1</th><th>Parameter #2</th><th>Parameter #3</th></tr><tr class="param stripe"><td>2</td><td>0</td><td>0</td></tr><tr><th colspan="3">Exception</th></tr><tr><td colspan="3"><div class="stacktrace">java.lang.NumberFormatException: Attempt to divide by zero
	at com.epam.tat.module4.Calculator.div(Calculator.java:34)
	at tests.testng.DivLongTest.sumDoubleTest(DivLongTest.java:14)
	at java.util.concurrent.FutureTask.run(FutureTask.java:266)
	at java.util.concurrent.ThreadPoolExecutor.runWorker(ThreadPoolExecutor.java:1149)
	at java.util.concurrent.ThreadPoolExecutor$Worker.run(ThreadPoolExecutor.java:624)
	at java.lang.Thread.run(Thread.java:748)
... Removed 16 stack frames</div></td></tr></table><p class="totop"><a href="#summary">back to summary</a></p>
<h3 id="m15">tests.testng.DivDoubleTest#divDoubleTest</h3><table class="result"><tr class="param"><th>Parameter #1</th><th>Parameter #2</th><th>Parameter #3</th></tr><tr class="param stripe"><td>8.0</td><td>-4.0</td><td>-2.0</td></tr></table><p class="totop"><a href="#summary">back to summary</a></p>
<h3 id="m16">tests.testng.DivDoubleTest#divDoubleTest</h3><table class="result"><tr class="param"><th>Parameter #1</th><th>Parameter #2</th><th>Parameter #3</th></tr><tr class="param stripe"><td>20.0</td><td>2.0</td><td>10.0</td></tr></table><p class="totop"><a href="#summary">back to summary</a></p>
<h3 id="m17">tests.testng.DivDoubleTest#divDoubleTest</h3><table class="result"><tr class="param"><th>Parameter #1</th><th>Parameter #2</th><th>Parameter #3</th></tr><tr class="param stripe"><td>-100.0</td><td>-5.0</td><td>20.0</td></tr></table><p class="totop"><a href="#summary">back to summary</a></p>
<h3 id="m18">tests.testng.DivLongTest#sumDoubleTest</h3><table class="result"><tr class="param"><th>Parameter #1</th><th>Parameter #2</th><th>Parameter #3</th></tr><tr class="param stripe"><td>8</td><td>-4</td><td>-2</td></tr></table><p class="totop"><a href="#summary">back to summary</a></p>
<h3 id="m19">tests.testng.DivLongTest#sumDoubleTest</h3><table class="result"><tr class="param"><th>Parameter #1</th><th>Parameter #2</th><th>Parameter #3</th></tr><tr class="param stripe"><td>-100</td><td>-5</td><td>20</td></tr></table><p class="totop"><a href="#summary">back to summary</a></p>
<h3 id="m20">tests.testng.DivLongTest#sumDoubleTest</h3><table class="result"><tr class="param"><th>Parameter #1</th><th>Parameter #2</th><th>Parameter #3</th></tr><tr class="param stripe"><td>20</td><td>2</td><td>10</td></tr></table><p class="totop"><a href="#summary">back to summary</a></p>
<h3 id="m21">tests.testng.MultDoubleTest#multDoubleTest</h3><table class="result"><tr class="param"><th>Parameter #1</th><th>Parameter #2</th><th>Parameter #3</th></tr><tr class="param stripe"><td>100.0</td><td>0.0</td><td>0.0</td></tr></table><p class="totop"><a href="#summary">back to summary</a></p>
<h3 id="m22">tests.testng.MultDoubleTest#multDoubleTest</h3><table class="result"><tr class="param"><th>Parameter #1</th><th>Parameter #2</th><th>Parameter #3</th></tr><tr class="param stripe"><td>2.2</td><td>2.0</td><td>4.0</td></tr></table><p class="totop"><a href="#summary">back to summary</a></p>
<h3 id="m23">tests.testng.MultDoubleTest#multDoubleTest</h3><table class="result"><tr class="param"><th>Parameter #1</th><th>Parameter #2</th><th>Parameter #3</th></tr><tr class="param stripe"><td>-2.0</td><td>-2.0</td><td>4.0</td></tr></table><p class="totop"><a href="#summary">back to summary</a></p>
<h3 id="m24">tests.testng.MultDoubleTest#multDoubleTest</h3><table class="result"><tr class="param"><th>Parameter #1</th><th>Parameter #2</th><th>Parameter #3</th></tr><tr class="param stripe"><td>3.0</td><td>-4.0</td><td>-12.0</td></tr></table><p class="totop"><a href="#summary">back to summary</a></p>
<h3 id="m25">tests.testng.MultLongTest#multLongTest</h3><table class="result"><tr class="param"><th>Parameter #1</th><th>Parameter #2</th><th>Parameter #3</th></tr><tr class="param stripe"><td>2</td><td>2</td><td>4</td></tr></table><p class="totop"><a href="#summary">back to summary</a></p>
<h3 id="m26">tests.testng.MultLongTest#multLongTest</h3><table class="result"><tr class="param"><th>Parameter #1</th><th>Parameter #2</th><th>Parameter #3</th></tr><tr class="param stripe"><td>5</td><td>-10</td><td>-50</td></tr></table><p class="totop"><a href="#summary">back to summary</a></p>
<h3 id="m27">tests.testng.MultLongTest#multLongTest</h3><table class="result"><tr class="param"><th>Parameter #1</th><th>Parameter #2</th><th>Parameter #3</th></tr><tr class="param stripe"><td>-2</td><td>-5</td><td>10</td></tr></table><p class="totop"><a href="#summary">back to summary</a></p>
<h3 id="m28">tests.testng.MultLongTest#multLongTest</h3><table class="result"><tr class="param"><th>Parameter #1</th><th>Parameter #2</th><th>Parameter #3</th></tr><tr class="param stripe"><td>143</td><td>0</td><td>0</td></tr></table><p class="totop"><a href="#summary">back to summary</a></p>
<h3 id="m29">tests.testng.PowTest#twoPow2</h3><table class="result"><tr class="param"><th>Parameter #1</th><th>Parameter #2</th><th>Parameter #3</th></tr><tr class="param stripe"><td>100.0</td><td>-1.0</td><td>0.01</td></tr></table><p class="totop"><a href="#summary">back to summary</a></p>
<h3 id="m30">tests.testng.PowTest#twoPow2</h3><table class="result"><tr class="param"><th>Parameter #1</th><th>Parameter #2</th><th>Parameter #3</th></tr><tr class="param stripe"><td>10.0</td><td>0.0</td><td>1.0</td></tr></table><p class="totop"><a href="#summary">back to summary</a></p>
<h3 id="m31">tests.testng.PowTest#twoPow2</h3><table class="result"><tr class="param"><th>Parameter #1</th><th>Parameter #2</th><th>Parameter #3</th></tr><tr class="param stripe"><td>2.0</td><td>2.0</td><td>4.0</td></tr></table><p class="totop"><a href="#summary">back to summary</a></p>
<h3 id="m32">tests.testng.SqrtTest#sqrtTest</h3><table class="result"><tr class="param"><th>Parameter #1</th><th>Parameter #2</th></tr><tr class="param stripe"><td>100.0</td><td>10.0</td></tr></table><p class="totop"><a href="#summary">back to summary</a></p>
<h3 id="m33">tests.testng.SqrtTest#sqrtTest</h3><table class="result"><tr class="param"><th>Parameter #1</th><th>Parameter #2</th></tr><tr class="param stripe"><td>-900.0</td><td>30.0</td></tr></table><p class="totop"><a href="#summary">back to summary</a></p>
<h3 id="m34">tests.testng.SqrtTest#sqrtTest</h3><table class="result"><tr class="param"><th>Parameter #1</th><th>Parameter #2</th></tr><tr class="param stripe"><td>4.0</td><td>2.0</td></tr></table><p class="totop"><a href="#summary">back to summary</a></p>
<h3 id="m35">tests.testng.SubDoubleTest#subDoubleTest</h3><table class="result"><tr class="param"><th>Parameter #1</th><th>Parameter #2</th><th>Parameter #3</th></tr><tr class="param stripe"><td>2.2</td><td>2.2</td><td>0.0</td></tr></table><p class="totop"><a href="#summary">back to summary</a></p>
<h3 id="m36">tests.testng.SubDoubleTest#subDoubleTest</h3><table class="result"><tr class="param"><th>Parameter #1</th><th>Parameter #2</th><th>Parameter #3</th></tr><tr class="param stripe"><td>100.0</td><td>0.0</td><td>100.0</td></tr></table><p class="totop"><a href="#summary">back to summary</a></p>
<h3 id="m37">tests.testng.SubDoubleTest#subDoubleTest</h3><table class="result"><tr class="param"><th>Parameter #1</th><th>Parameter #2</th><th>Parameter #3</th></tr><tr class="param stripe"><td>-20.0</td><td>-10.0</td><td>-10.0</td></tr></table><p class="totop"><a href="#summary">back to summary</a></p>
<h3 id="m38">tests.testng.SubDoubleTest#subDoubleTest</h3><table class="result"><tr class="param"><th>Parameter #1</th><th>Parameter #2</th><th>Parameter #3</th></tr><tr class="param stripe"><td>3.0</td><td>-4.0</td><td>7.0</td></tr></table><p class="totop"><a href="#summary">back to summary</a></p>
<h3 id="m39">tests.testng.SubLongTest#subLongTest</h3><table class="result"><tr class="param"><th>Parameter #1</th><th>Parameter #2</th><th>Parameter #3</th></tr><tr class="param stripe"><td>-120</td><td>-120</td><td>0</td></tr></table><p class="totop"><a href="#summary">back to summary</a></p>
<h3 id="m40">tests.testng.SubLongTest#subLongTest</h3><table class="result"><tr class="param"><th>Parameter #1</th><th>Parameter #2</th><th>Parameter #3</th></tr><tr class="param stripe"><td>-130</td><td>-120</td><td>-10</td></tr></table><p class="totop"><a href="#summary">back to summary</a></p>
<h3 id="m41">tests.testng.SubLongTest#subLongTest</h3><table class="result"><tr class="param"><th>Parameter #1</th><th>Parameter #2</th><th>Parameter #3</th></tr><tr class="param stripe"><td>143</td><td>0</td><td>143</td></tr></table><p class="totop"><a href="#summary">back to summary</a></p>
<h3 id="m42">tests.testng.SubLongTest#subLongTest</h3><table class="result"><tr class="param"><th>Parameter #1</th><th>Parameter #2</th><th>Parameter #3</th></tr><tr class="param stripe"><td>5</td><td>-10</td><td>15</td></tr></table><p class="totop"><a href="#summary">back to summary</a></p>
<h3 id="m43">tests.testng.SubLongTest#subLongTest</h3><table class="result"><tr class="param"><th>Parameter #1</th><th>Parameter #2</th><th>Parameter #3</th></tr><tr class="param stripe"><td>2</td><td>2</td><td>0</td></tr></table><p class="totop"><a href="#summary">back to summary</a></p>
<h3 id="m44">tests.testng.SumDoubleTest#sumDoubleTest</h3><table class="result"><tr class="param"><th>Parameter #1</th><th>Parameter #2</th><th>Parameter #3</th></tr><tr class="param stripe"><td>3.0</td><td>-4.0</td><td>-1.0</td></tr></table><p class="totop"><a href="#summary">back to summary</a></p>
<h3 id="m45">tests.testng.SumDoubleTest#sumDoubleTest</h3><table class="result"><tr class="param"><th>Parameter #1</th><th>Parameter #2</th><th>Parameter #3</th></tr><tr class="param stripe"><td>2.2</td><td>2.8</td><td>5.0</td></tr></table><p class="totop"><a href="#summary">back to summary</a></p>
<h3 id="m46">tests.testng.SumDoubleTest#sumDoubleTest</h3><table class="result"><tr class="param"><th>Parameter #1</th><th>Parameter #2</th><th>Parameter #3</th></tr><tr class="param stripe"><td>100.0</td><td>0.0</td><td>100.0</td></tr></table><p class="totop"><a href="#summary">back to summary</a></p>
<h2>Test classes for other methods</h2><h3 id="m47">tests.testng.IsNegativeTest#isNegativeTest</h3><table class="result"><tr class="param"><th>Parameter #1</th><th>Parameter #2</th></tr><tr class="param stripe"><td>-100</td><td>true</td></tr></table><p class="totop"><a href="#summary">back to summary</a></p>
<h3 id="m48">tests.testng.IsNegativeTest#isNegativeTest</h3><table class="result"><tr class="param"><th>Parameter #1</th><th>Parameter #2</th></tr><tr class="param stripe"><td>40</td><td>false</td></tr></table><p class="totop"><a href="#summary">back to summary</a></p>
<h3 id="m49">tests.testng.IsNegativeTest#isNegativeTest</h3><table class="result"><tr class="param"><th>Parameter #1</th><th>Parameter #2</th></tr><tr class="param stripe"><td>0</td><td>false</td></tr></table><p class="totop"><a href="#summary">back to summary</a></p>
<h3 id="m50">tests.testng.IsPositiveTest#isPositiveTest</h3><table class="result"><tr class="param"><th>Parameter #1</th><th>Parameter #2</th></tr><tr class="param stripe"><td>0</td><td>false</td></tr></table><p class="totop"><a href="#summary">back to summary</a></p>
<h3 id="m51">tests.testng.IsPositiveTest#isPositiveTest</h3><table class="result"><tr class="param"><th>Parameter #1</th><th>Parameter #2</th></tr><tr class="param stripe"><td>-100</td><td>false</td></tr></table><p class="totop"><a href="#summary">back to summary</a></p>
<h3 id="m52">tests.testng.IsPositiveTest#isPositiveTest</h3><table class="result"><tr class="param"><th>Parameter #1</th><th>Parameter #2</th></tr><tr class="param stripe"><td>40</td><td>true</td></tr></table><p class="totop"><a href="#summary">back to summary</a></p>
</body>
</html>
