<?xml version="1.0" encoding="UTF-8"?>
<testng-results skipped="0" failed="10" ignored="0" total="53" passed="43">
  <reporter-output>
  </reporter-output>
  <suite name="Suite" duration-ms="71" started-at="2018-06-26T11:35:28Z" finished-at="2018-06-26T11:35:28Z">
    <groups>
      <group name="trigonometric">
        <method signature="CosTest.cosTest(double, double)[pri:0, instance:tests.testng.CosTest@3ada9e37]" name="cosTest" class="tests.testng.CosTest"/>
        <method signature="CtgTest.cosTest(double, double)[pri:0, instance:tests.testng.CtgTest@5cbc508c]" name="cosTest" class="tests.testng.CtgTest"/>
        <method signature="SinTest.sinTest(double, double)[pri:0, instance:tests.testng.SinTest@3419866c]" name="sinTest" class="tests.testng.SinTest"/>
        <method signature="TgTest.cosTest(double, double)[pri:0, instance:tests.testng.TgTest@63e31ee]" name="cosTest" class="tests.testng.TgTest"/>
      </group> <!-- trigonometric -->
    </groups>
    <test name="Test classes for trigonometric methods" duration-ms="71" started-at="2018-06-26T11:35:28Z" finished-at="2018-06-26T11:35:28Z">
      <class name="tests.testng.SinTest">
        <test-method status="PASS" signature="before()[pri:0, instance:tests.testng.SinTest@3419866c]" name="before" is-config="true" duration-ms="0" started-at="2018-06-26T11:35:28Z" finished-at="2018-06-26T11:35:28Z">
          <reporter-output>
          </reporter-output>
        </test-method> <!-- before -->
        <test-method status="PASS" signature="sinTest(double, double)[pri:0, instance:tests.testng.SinTest@3419866c]" name="sinTest" duration-ms="0" started-at="2018-06-26T11:35:28Z" data-provider="valuesForSin" finished-at="2018-06-26T11:35:28Z">
          <params>
            <param index="0">
              <value>
                <![CDATA[1.5707963267948966]]>
              </value>
            </param>
            <param index="1">
              <value>
                <![CDATA[1.0]]>
              </value>
            </param>
          </params>
          <reporter-output>
          </reporter-output>
        </test-method> <!-- sinTest -->
        <test-method status="PASS" signature="sinTest(double, double)[pri:0, instance:tests.testng.SinTest@3419866c]" name="sinTest" duration-ms="0" started-at="2018-06-26T11:35:28Z" data-provider="valuesForSin" finished-at="2018-06-26T11:35:28Z">
          <params>
            <param index="0">
              <value>
                <![CDATA[3.141592653589793]]>
              </value>
            </param>
            <param index="1">
              <value>
                <![CDATA[0.0]]>
              </value>
            </param>
          </params>
          <reporter-output>
          </reporter-output>
        </test-method> <!-- sinTest -->
        <test-method status="FAIL" signature="sinTest(double, double)[pri:0, instance:tests.testng.SinTest@3419866c]" name="sinTest" duration-ms="0" started-at="2018-06-26T11:35:28Z" data-provider="valuesForSin" finished-at="2018-06-26T11:35:28Z">
          <params>
            <param index="0">
              <value>
                <![CDATA[0.5235987755982988]]>
              </value>
            </param>
            <param index="1">
              <value>
                <![CDATA[0.5]]>
              </value>
            </param>
          </params>
          <exception class="java.lang.AssertionError">
            <message>
              <![CDATA[expected [true] but found [false]]]>
            </message>
            <full-stacktrace>
              <![CDATA[java.lang.AssertionError: expected [true] but found [false]
at org.testng.Assert.fail(Assert.java:96)
at org.testng.Assert.failNotEquals(Assert.java:776)
at org.testng.Assert.assertTrue(Assert.java:44)
at org.testng.Assert.assertTrue(Assert.java:54)
at tests.testng.SinTest.sinTest(SinTest.java:15)
at sun.reflect.NativeMethodAccessorImpl.invoke0(Native Method)
at sun.reflect.NativeMethodAccessorImpl.invoke(NativeMethodAccessorImpl.java:62)
at sun.reflect.DelegatingMethodAccessorImpl.invoke(DelegatingMethodAccessorImpl.java:43)
at java.lang.reflect.Method.invoke(Method.java:498)
at org.testng.internal.MethodInvocationHelper.invokeMethod(MethodInvocationHelper.java:124)
at org.testng.internal.Invoker.invokeMethod(Invoker.java:583)
at org.testng.internal.Invoker.invokeTestMethod(Invoker.java:719)
at org.testng.internal.Invoker.invokeTestMethods(Invoker.java:989)
at org.testng.internal.TestMethodWorker.invokeTestMethods(TestMethodWorker.java:125)
at org.testng.internal.TestMethodWorker.run(TestMethodWorker.java:109)
at org.testng.TestRunner.privateRun(TestRunner.java:648)
at org.testng.TestRunner.run(TestRunner.java:505)
at org.testng.SuiteRunner.runTest(SuiteRunner.java:455)
at org.testng.SuiteRunner.access$000(SuiteRunner.java:40)
at org.testng.SuiteRunner$SuiteWorker.run(SuiteRunner.java:489)
at org.testng.internal.thread.ThreadUtil$1.call(ThreadUtil.java:52)
at java.util.concurrent.FutureTask.run(FutureTask.java:266)
at java.util.concurrent.ThreadPoolExecutor.runWorker(ThreadPoolExecutor.java:1149)
at java.util.concurrent.ThreadPoolExecutor$Worker.run(ThreadPoolExecutor.java:624)
at java.lang.Thread.run(Thread.java:748)
]]>
            </full-stacktrace>
          </exception> <!-- java.lang.AssertionError -->
          <reporter-output>
          </reporter-output>
        </test-method> <!-- sinTest -->
        <test-method status="PASS" signature="sinTest(double, double)[pri:0, instance:tests.testng.SinTest@3419866c]" name="sinTest" duration-ms="0" started-at="2018-06-26T11:35:28Z" data-provider="valuesForSin" finished-at="2018-06-26T11:35:28Z">
          <params>
            <param index="0">
              <value>
                <![CDATA[0]]>
              </value>
            </param>
            <param index="1">
              <value>
                <![CDATA[0.0]]>
              </value>
            </param>
          </params>
          <reporter-output>
          </reporter-output>
        </test-method> <!-- sinTest -->
        <test-method status="PASS" signature="after()[pri:0, instance:tests.testng.SinTest@3419866c]" name="after" is-config="true" duration-ms="0" started-at="2018-06-26T11:35:28Z" finished-at="2018-06-26T11:35:28Z">
          <reporter-output>
          </reporter-output>
        </test-method> <!-- after -->
      </class> <!-- tests.testng.SinTest -->
      <class name="tests.testng.CtgTest">
        <test-method status="FAIL" signature="cosTest(double, double)[pri:0, instance:tests.testng.CtgTest@5cbc508c]" name="cosTest" duration-ms="1" started-at="2018-06-26T11:35:28Z" data-provider="valuesForCos" finished-at="2018-06-26T11:35:28Z">
          <params>
            <param index="0">
              <value>
                <![CDATA[0.7853981633974483]]>
              </value>
            </param>
            <param index="1">
              <value>
                <![CDATA[1.0]]>
              </value>
            </param>
          </params>
          <exception class="java.lang.AssertionError">
            <message>
              <![CDATA[expected [true] but found [false]]]>
            </message>
            <full-stacktrace>
              <![CDATA[java.lang.AssertionError: expected [true] but found [false]
at org.testng.Assert.fail(Assert.java:96)
at org.testng.Assert.failNotEquals(Assert.java:776)
at org.testng.Assert.assertTrue(Assert.java:44)
at org.testng.Assert.assertTrue(Assert.java:54)
at tests.testng.CtgTest.cosTest(CtgTest.java:16)
at sun.reflect.NativeMethodAccessorImpl.invoke0(Native Method)
at sun.reflect.NativeMethodAccessorImpl.invoke(NativeMethodAccessorImpl.java:62)
at sun.reflect.DelegatingMethodAccessorImpl.invoke(DelegatingMethodAccessorImpl.java:43)
at java.lang.reflect.Method.invoke(Method.java:498)
at org.testng.internal.MethodInvocationHelper.invokeMethod(MethodInvocationHelper.java:124)
at org.testng.internal.Invoker.invokeMethod(Invoker.java:583)
at org.testng.internal.Invoker.invokeTestMethod(Invoker.java:719)
at org.testng.internal.Invoker.invokeTestMethods(Invoker.java:989)
at org.testng.internal.TestMethodWorker.invokeTestMethods(TestMethodWorker.java:125)
at org.testng.internal.TestMethodWorker.run(TestMethodWorker.java:109)
at org.testng.TestRunner.privateRun(TestRunner.java:648)
at org.testng.TestRunner.run(TestRunner.java:505)
at org.testng.SuiteRunner.runTest(SuiteRunner.java:455)
at org.testng.SuiteRunner.access$000(SuiteRunner.java:40)
at org.testng.SuiteRunner$SuiteWorker.run(SuiteRunner.java:489)
at org.testng.internal.thread.ThreadUtil$1.call(ThreadUtil.java:52)
at java.util.concurrent.FutureTask.run(FutureTask.java:266)
at java.util.concurrent.ThreadPoolExecutor.runWorker(ThreadPoolExecutor.java:1149)
at java.util.concurrent.ThreadPoolExecutor$Worker.run(ThreadPoolExecutor.java:624)
at java.lang.Thread.run(Thread.java:748)
]]>
            </full-stacktrace>
          </exception> <!-- java.lang.AssertionError -->
          <reporter-output>
          </reporter-output>
        </test-method> <!-- cosTest -->
        <test-method status="PASS" signature="before()[pri:0, instance:tests.testng.CtgTest@5cbc508c]" name="before" is-config="true" duration-ms="0" started-at="2018-06-26T11:35:28Z" finished-at="2018-06-26T11:35:28Z">
          <reporter-output>
          </reporter-output>
        </test-method> <!-- before -->
        <test-method status="FAIL" signature="cosTest(double, double)[pri:0, instance:tests.testng.CtgTest@5cbc508c]" name="cosTest" duration-ms="0" started-at="2018-06-26T11:35:28Z" data-provider="valuesForCos" finished-at="2018-06-26T11:35:28Z">
          <params>
            <param index="0">
              <value>
                <![CDATA[1.5707963267948966]]>
              </value>
            </param>
            <param index="1">
              <value>
                <![CDATA[0.0]]>
              </value>
            </param>
          </params>
          <exception class="java.lang.AssertionError">
            <message>
              <![CDATA[expected [true] but found [false]]]>
            </message>
            <full-stacktrace>
              <![CDATA[java.lang.AssertionError: expected [true] but found [false]
at org.testng.Assert.fail(Assert.java:96)
at org.testng.Assert.failNotEquals(Assert.java:776)
at org.testng.Assert.assertTrue(Assert.java:44)
at org.testng.Assert.assertTrue(Assert.java:54)
at tests.testng.CtgTest.cosTest(CtgTest.java:16)
at sun.reflect.NativeMethodAccessorImpl.invoke0(Native Method)
at sun.reflect.NativeMethodAccessorImpl.invoke(NativeMethodAccessorImpl.java:62)
at sun.reflect.DelegatingMethodAccessorImpl.invoke(DelegatingMethodAccessorImpl.java:43)
at java.lang.reflect.Method.invoke(Method.java:498)
at org.testng.internal.MethodInvocationHelper.invokeMethod(MethodInvocationHelper.java:124)
at org.testng.internal.Invoker.invokeMethod(Invoker.java:583)
at org.testng.internal.Invoker.invokeTestMethod(Invoker.java:719)
at org.testng.internal.Invoker.invokeTestMethods(Invoker.java:989)
at org.testng.internal.TestMethodWorker.invokeTestMethods(TestMethodWorker.java:125)
at org.testng.internal.TestMethodWorker.run(TestMethodWorker.java:109)
at org.testng.TestRunner.privateRun(TestRunner.java:648)
at org.testng.TestRunner.run(TestRunner.java:505)
at org.testng.SuiteRunner.runTest(SuiteRunner.java:455)
at org.testng.SuiteRunner.access$000(SuiteRunner.java:40)
at org.testng.SuiteRunner$SuiteWorker.run(SuiteRunner.java:489)
at org.testng.internal.thread.ThreadUtil$1.call(ThreadUtil.java:52)
at java.util.concurrent.FutureTask.run(FutureTask.java:266)
at java.util.concurrent.ThreadPoolExecutor.runWorker(ThreadPoolExecutor.java:1149)
at java.util.concurrent.ThreadPoolExecutor$Worker.run(ThreadPoolExecutor.java:624)
at java.lang.Thread.run(Thread.java:748)
]]>
            </full-stacktrace>
          </exception> <!-- java.lang.AssertionError -->
          <reporter-output>
          </reporter-output>
        </test-method> <!-- cosTest -->
        <test-method status="PASS" signature="cosTest(double, double)[pri:0, instance:tests.testng.CtgTest@5cbc508c]" name="cosTest" duration-ms="0" started-at="2018-06-26T11:35:28Z" data-provider="valuesForCos" finished-at="2018-06-26T11:35:28Z">
          <params>
            <param index="0">
              <value>
                <![CDATA[0.0]]>
              </value>
            </param>
            <param index="1">
              <value>
                <![CDATA[0.0]]>
              </value>
            </param>
          </params>
          <reporter-output>
          </reporter-output>
        </test-method> <!-- cosTest -->
        <test-method status="PASS" signature="after()[pri:0, instance:tests.testng.CtgTest@5cbc508c]" name="after" is-config="true" duration-ms="0" started-at="2018-06-26T11:35:28Z" finished-at="2018-06-26T11:35:28Z">
          <reporter-output>
          </reporter-output>
        </test-method> <!-- after -->
      </class> <!-- tests.testng.CtgTest -->
      <class name="tests.testng.CosTest">
        <test-method status="PASS" signature="before()[pri:0, instance:tests.testng.CosTest@3ada9e37]" name="before" is-config="true" duration-ms="19" started-at="2018-06-26T11:35:28Z" finished-at="2018-06-26T11:35:28Z">
          <reporter-output>
          </reporter-output>
        </test-method> <!-- before -->
        <test-method status="FAIL" signature="cosTest(double, double)[pri:0, instance:tests.testng.CosTest@3ada9e37]" name="cosTest" duration-ms="3" started-at="2018-06-26T11:35:28Z" data-provider="valuesForCos" finished-at="2018-06-26T11:35:28Z">
          <params>
            <param index="0">
              <value>
                <![CDATA[1.5707963267948966]]>
              </value>
            </param>
            <param index="1">
              <value>
                <![CDATA[0.0]]>
              </value>
            </param>
          </params>
          <exception class="java.lang.AssertionError">
            <message>
              <![CDATA[expected [true] but found [false]]]>
            </message>
            <full-stacktrace>
              <![CDATA[java.lang.AssertionError: expected [true] but found [false]
at org.testng.Assert.fail(Assert.java:96)
at org.testng.Assert.failNotEquals(Assert.java:776)
at org.testng.Assert.assertTrue(Assert.java:44)
at org.testng.Assert.assertTrue(Assert.java:54)
at tests.testng.CosTest.cosTest(CosTest.java:14)
at sun.reflect.NativeMethodAccessorImpl.invoke0(Native Method)
at sun.reflect.NativeMethodAccessorImpl.invoke(NativeMethodAccessorImpl.java:62)
at sun.reflect.DelegatingMethodAccessorImpl.invoke(DelegatingMethodAccessorImpl.java:43)
at java.lang.reflect.Method.invoke(Method.java:498)
at org.testng.internal.MethodInvocationHelper.invokeMethod(MethodInvocationHelper.java:124)
at org.testng.internal.Invoker.invokeMethod(Invoker.java:583)
at org.testng.internal.Invoker.invokeTestMethod(Invoker.java:719)
at org.testng.internal.Invoker.invokeTestMethods(Invoker.java:989)
at org.testng.internal.TestMethodWorker.invokeTestMethods(TestMethodWorker.java:125)
at org.testng.internal.TestMethodWorker.run(TestMethodWorker.java:109)
at org.testng.TestRunner.privateRun(TestRunner.java:648)
at org.testng.TestRunner.run(TestRunner.java:505)
at org.testng.SuiteRunner.runTest(SuiteRunner.java:455)
at org.testng.SuiteRunner.access$000(SuiteRunner.java:40)
at org.testng.SuiteRunner$SuiteWorker.run(SuiteRunner.java:489)
at org.testng.internal.thread.ThreadUtil$1.call(ThreadUtil.java:52)
at java.util.concurrent.FutureTask.run(FutureTask.java:266)
at java.util.concurrent.ThreadPoolExecutor.runWorker(ThreadPoolExecutor.java:1149)
at java.util.concurrent.ThreadPoolExecutor$Worker.run(ThreadPoolExecutor.java:624)
at java.lang.Thread.run(Thread.java:748)
]]>
            </full-stacktrace>
          </exception> <!-- java.lang.AssertionError -->
          <reporter-output>
          </reporter-output>
        </test-method> <!-- cosTest -->
        <test-method status="FAIL" signature="cosTest(double, double)[pri:0, instance:tests.testng.CosTest@3ada9e37]" name="cosTest" duration-ms="0" started-at="2018-06-26T11:35:28Z" data-provider="valuesForCos" finished-at="2018-06-26T11:35:28Z">
          <params>
            <param index="0">
              <value>
                <![CDATA[0]]>
              </value>
            </param>
            <param index="1">
              <value>
                <![CDATA[1.0]]>
              </value>
            </param>
          </params>
          <exception class="java.lang.AssertionError">
            <message>
              <![CDATA[expected [true] but found [false]]]>
            </message>
            <full-stacktrace>
              <![CDATA[java.lang.AssertionError: expected [true] but found [false]
at org.testng.Assert.fail(Assert.java:96)
at org.testng.Assert.failNotEquals(Assert.java:776)
at org.testng.Assert.assertTrue(Assert.java:44)
at org.testng.Assert.assertTrue(Assert.java:54)
at tests.testng.CosTest.cosTest(CosTest.java:14)
at sun.reflect.NativeMethodAccessorImpl.invoke0(Native Method)
at sun.reflect.NativeMethodAccessorImpl.invoke(NativeMethodAccessorImpl.java:62)
at sun.reflect.DelegatingMethodAccessorImpl.invoke(DelegatingMethodAccessorImpl.java:43)
at java.lang.reflect.Method.invoke(Method.java:498)
at org.testng.internal.MethodInvocationHelper.invokeMethod(MethodInvocationHelper.java:124)
at org.testng.internal.Invoker.invokeMethod(Invoker.java:583)
at org.testng.internal.Invoker.invokeTestMethod(Invoker.java:719)
at org.testng.internal.Invoker.invokeTestMethods(Invoker.java:989)
at org.testng.internal.TestMethodWorker.invokeTestMethods(TestMethodWorker.java:125)
at org.testng.internal.TestMethodWorker.run(TestMethodWorker.java:109)
at org.testng.TestRunner.privateRun(TestRunner.java:648)
at org.testng.TestRunner.run(TestRunner.java:505)
at org.testng.SuiteRunner.runTest(SuiteRunner.java:455)
at org.testng.SuiteRunner.access$000(SuiteRunner.java:40)
at org.testng.SuiteRunner$SuiteWorker.run(SuiteRunner.java:489)
at org.testng.internal.thread.ThreadUtil$1.call(ThreadUtil.java:52)
at java.util.concurrent.FutureTask.run(FutureTask.java:266)
at java.util.concurrent.ThreadPoolExecutor.runWorker(ThreadPoolExecutor.java:1149)
at java.util.concurrent.ThreadPoolExecutor$Worker.run(ThreadPoolExecutor.java:624)
at java.lang.Thread.run(Thread.java:748)
]]>
            </full-stacktrace>
          </exception> <!-- java.lang.AssertionError -->
          <reporter-output>
          </reporter-output>
        </test-method> <!-- cosTest -->
        <test-method status="FAIL" signature="cosTest(double, double)[pri:0, instance:tests.testng.CosTest@3ada9e37]" name="cosTest" duration-ms="1" started-at="2018-06-26T11:35:28Z" data-provider="valuesForCos" finished-at="2018-06-26T11:35:28Z">
          <params>
            <param index="0">
              <value>
                <![CDATA[3.141592653589793]]>
              </value>
            </param>
            <param index="1">
              <value>
                <![CDATA[-1.0]]>
              </value>
            </param>
          </params>
          <exception class="java.lang.AssertionError">
            <message>
              <![CDATA[expected [true] but found [false]]]>
            </message>
            <full-stacktrace>
              <![CDATA[java.lang.AssertionError: expected [true] but found [false]
at org.testng.Assert.fail(Assert.java:96)
at org.testng.Assert.failNotEquals(Assert.java:776)
at org.testng.Assert.assertTrue(Assert.java:44)
at org.testng.Assert.assertTrue(Assert.java:54)
at tests.testng.CosTest.cosTest(CosTest.java:14)
at sun.reflect.NativeMethodAccessorImpl.invoke0(Native Method)
at sun.reflect.NativeMethodAccessorImpl.invoke(NativeMethodAccessorImpl.java:62)
at sun.reflect.DelegatingMethodAccessorImpl.invoke(DelegatingMethodAccessorImpl.java:43)
at java.lang.reflect.Method.invoke(Method.java:498)
at org.testng.internal.MethodInvocationHelper.invokeMethod(MethodInvocationHelper.java:124)
at org.testng.internal.Invoker.invokeMethod(Invoker.java:583)
at org.testng.internal.Invoker.invokeTestMethod(Invoker.java:719)
at org.testng.internal.Invoker.invokeTestMethods(Invoker.java:989)
at org.testng.internal.TestMethodWorker.invokeTestMethods(TestMethodWorker.java:125)
at org.testng.internal.TestMethodWorker.run(TestMethodWorker.java:109)
at org.testng.TestRunner.privateRun(TestRunner.java:648)
at org.testng.TestRunner.run(TestRunner.java:505)
at org.testng.SuiteRunner.runTest(SuiteRunner.java:455)
at org.testng.SuiteRunner.access$000(SuiteRunner.java:40)
at org.testng.SuiteRunner$SuiteWorker.run(SuiteRunner.java:489)
at org.testng.internal.thread.ThreadUtil$1.call(ThreadUtil.java:52)
at java.util.concurrent.FutureTask.run(FutureTask.java:266)
at java.util.concurrent.ThreadPoolExecutor.runWorker(ThreadPoolExecutor.java:1149)
at java.util.concurrent.ThreadPoolExecutor$Worker.run(ThreadPoolExecutor.java:624)
at java.lang.Thread.run(Thread.java:748)
]]>
            </full-stacktrace>
          </exception> <!-- java.lang.AssertionError -->
          <reporter-output>
          </reporter-output>
        </test-method> <!-- cosTest -->
        <test-method status="PASS" signature="after()[pri:0, instance:tests.testng.CosTest@3ada9e37]" name="after" is-config="true" duration-ms="1" started-at="2018-06-26T11:35:28Z" finished-at="2018-06-26T11:35:28Z">
          <reporter-output>
          </reporter-output>
        </test-method> <!-- after -->
      </class> <!-- tests.testng.CosTest -->
      <class name="tests.testng.TgTest">
        <test-method status="PASS" signature="cosTest(double, double)[pri:0, instance:tests.testng.TgTest@63e31ee]" name="cosTest" duration-ms="0" started-at="2018-06-26T11:35:28Z" data-provider="valuesForCos" finished-at="2018-06-26T11:35:28Z">
          <params>
            <param index="0">
              <value>
                <![CDATA[0.7853981633974483]]>
              </value>
            </param>
            <param index="1">
              <value>
                <![CDATA[1.0]]>
              </value>
            </param>
          </params>
          <reporter-output>
          </reporter-output>
        </test-method> <!-- cosTest -->
        <test-method status="PASS" signature="before()[pri:0, instance:tests.testng.TgTest@63e31ee]" name="before" is-config="true" duration-ms="0" started-at="2018-06-26T11:35:28Z" finished-at="2018-06-26T11:35:28Z">
          <reporter-output>
          </reporter-output>
        </test-method> <!-- before -->
        <test-method status="FAIL" signature="cosTest(double, double)[pri:0, instance:tests.testng.TgTest@63e31ee]" name="cosTest" duration-ms="0" started-at="2018-06-26T11:35:28Z" data-provider="valuesForCos" finished-at="2018-06-26T11:35:28Z">
          <params>
            <param index="0">
              <value>
                <![CDATA[0.0]]>
              </value>
            </param>
            <param index="1">
              <value>
                <![CDATA[0.0]]>
              </value>
            </param>
          </params>
          <exception class="java.lang.AssertionError">
            <message>
              <![CDATA[expected [true] but found [false]]]>
            </message>
            <full-stacktrace>
              <![CDATA[java.lang.AssertionError: expected [true] but found [false]
at org.testng.Assert.fail(Assert.java:96)
at org.testng.Assert.failNotEquals(Assert.java:776)
at org.testng.Assert.assertTrue(Assert.java:44)
at org.testng.Assert.assertTrue(Assert.java:54)
at tests.testng.TgTest.cosTest(TgTest.java:14)
at sun.reflect.NativeMethodAccessorImpl.invoke0(Native Method)
at sun.reflect.NativeMethodAccessorImpl.invoke(NativeMethodAccessorImpl.java:62)
at sun.reflect.DelegatingMethodAccessorImpl.invoke(DelegatingMethodAccessorImpl.java:43)
at java.lang.reflect.Method.invoke(Method.java:498)
at org.testng.internal.MethodInvocationHelper.invokeMethod(MethodInvocationHelper.java:124)
at org.testng.internal.Invoker.invokeMethod(Invoker.java:583)
at org.testng.internal.Invoker.invokeTestMethod(Invoker.java:719)
at org.testng.internal.Invoker.invokeTestMethods(Invoker.java:989)
at org.testng.internal.TestMethodWorker.invokeTestMethods(TestMethodWorker.java:125)
at org.testng.internal.TestMethodWorker.run(TestMethodWorker.java:109)
at org.testng.TestRunner.privateRun(TestRunner.java:648)
at org.testng.TestRunner.run(TestRunner.java:505)
at org.testng.SuiteRunner.runTest(SuiteRunner.java:455)
at org.testng.SuiteRunner.access$000(SuiteRunner.java:40)
at org.testng.SuiteRunner$SuiteWorker.run(SuiteRunner.java:489)
at org.testng.internal.thread.ThreadUtil$1.call(ThreadUtil.java:52)
at java.util.concurrent.FutureTask.run(FutureTask.java:266)
at java.util.concurrent.ThreadPoolExecutor.runWorker(ThreadPoolExecutor.java:1149)
at java.util.concurrent.ThreadPoolExecutor$Worker.run(ThreadPoolExecutor.java:624)
at java.lang.Thread.run(Thread.java:748)
]]>
            </full-stacktrace>
          </exception> <!-- java.lang.AssertionError -->
          <reporter-output>
          </reporter-output>
        </test-method> <!-- cosTest -->
        <test-method status="PASS" signature="after()[pri:0, instance:tests.testng.TgTest@63e31ee]" name="after" is-config="true" duration-ms="0" started-at="2018-06-26T11:35:28Z" finished-at="2018-06-26T11:35:28Z">
          <reporter-output>
          </reporter-output>
        </test-method> <!-- after -->
        <test-method status="FAIL" signature="cosTest(double, double)[pri:0, instance:tests.testng.TgTest@63e31ee]" name="cosTest" duration-ms="0" started-at="2018-06-26T11:35:28Z" data-provider="valuesForCos" finished-at="2018-06-26T11:35:28Z">
          <params>
            <param index="0">
              <value>
                <![CDATA[3.141592653589793]]>
              </value>
            </param>
            <param index="1">
              <value>
                <![CDATA[0.0]]>
              </value>
            </param>
          </params>
          <exception class="java.lang.AssertionError">
            <message>
              <![CDATA[expected [true] but found [false]]]>
            </message>
            <full-stacktrace>
              <![CDATA[java.lang.AssertionError: expected [true] but found [false]
at org.testng.Assert.fail(Assert.java:96)
at org.testng.Assert.failNotEquals(Assert.java:776)
at org.testng.Assert.assertTrue(Assert.java:44)
at org.testng.Assert.assertTrue(Assert.java:54)
at tests.testng.TgTest.cosTest(TgTest.java:14)
at sun.reflect.NativeMethodAccessorImpl.invoke0(Native Method)
at sun.reflect.NativeMethodAccessorImpl.invoke(NativeMethodAccessorImpl.java:62)
at sun.reflect.DelegatingMethodAccessorImpl.invoke(DelegatingMethodAccessorImpl.java:43)
at java.lang.reflect.Method.invoke(Method.java:498)
at org.testng.internal.MethodInvocationHelper.invokeMethod(MethodInvocationHelper.java:124)
at org.testng.internal.Invoker.invokeMethod(Invoker.java:583)
at org.testng.internal.Invoker.invokeTestMethod(Invoker.java:719)
at org.testng.internal.Invoker.invokeTestMethods(Invoker.java:989)
at org.testng.internal.TestMethodWorker.invokeTestMethods(TestMethodWorker.java:125)
at org.testng.internal.TestMethodWorker.run(TestMethodWorker.java:109)
at org.testng.TestRunner.privateRun(TestRunner.java:648)
at org.testng.TestRunner.run(TestRunner.java:505)
at org.testng.SuiteRunner.runTest(SuiteRunner.java:455)
at org.testng.SuiteRunner.access$000(SuiteRunner.java:40)
at org.testng.SuiteRunner$SuiteWorker.run(SuiteRunner.java:489)
at org.testng.internal.thread.ThreadUtil$1.call(ThreadUtil.java:52)
at java.util.concurrent.FutureTask.run(FutureTask.java:266)
at java.util.concurrent.ThreadPoolExecutor.runWorker(ThreadPoolExecutor.java:1149)
at java.util.concurrent.ThreadPoolExecutor$Worker.run(ThreadPoolExecutor.java:624)
at java.lang.Thread.run(Thread.java:748)
]]>
            </full-stacktrace>
          </exception> <!-- java.lang.AssertionError -->
          <reporter-output>
          </reporter-output>
        </test-method> <!-- cosTest -->
      </class> <!-- tests.testng.TgTest -->
    </test> <!-- Test classes for trigonometric methods -->
  </suite> <!-- Suite -->
  <suite name="Suite (1)" duration-ms="39" started-at="2018-06-26T11:35:28Z" finished-at="2018-06-26T11:35:28Z">
    <groups>
      <group name="arithmetic">
        <method signature="DivDoubleTest.divDoubleTest(double, double, double)[pri:0, instance:tests.testng.DivDoubleTest@2471cca7]" name="divDoubleTest" class="tests.testng.DivDoubleTest"/>
        <method signature="DivLongTest.sumDoubleTest(long, long, long)[pri:0, instance:tests.testng.DivLongTest@5fe5c6f]" name="sumDoubleTest" class="tests.testng.DivLongTest"/>
        <method signature="MultDoubleTest.multDoubleTest(double, double, double)[pri:0, instance:tests.testng.MultDoubleTest@6979e8cb]" name="multDoubleTest" class="tests.testng.MultDoubleTest"/>
        <method signature="MultLongTest.multLongTest(long, long, long)[pri:0, instance:tests.testng.MultLongTest@763d9750]" name="multLongTest" class="tests.testng.MultLongTest"/>
        <method signature="PowTest.twoPow2(double, double, double)[pri:0, instance:tests.testng.PowTest@5c0369c4]" name="twoPow2" class="tests.testng.PowTest"/>
        <method signature="SqrtTest.sqrtTest(double, double)[pri:0, instance:tests.testng.SqrtTest@2be94b0f]" name="sqrtTest" class="tests.testng.SqrtTest"/>
        <method signature="SubDoubleTest.subDoubleTest(double, double, double)[pri:0, instance:tests.testng.SubDoubleTest@d70c109]" name="subDoubleTest" class="tests.testng.SubDoubleTest"/>
        <method signature="SubLongTest.subLongTest(long, long, long)[pri:0, instance:tests.testng.SubLongTest@17ed40e0]" name="subLongTest" class="tests.testng.SubLongTest"/>
        <method signature="SumDoubleTest.sumDoubleTest(double, double, double)[pri:0, instance:tests.testng.SumDoubleTest@50675690]" name="sumDoubleTest" class="tests.testng.SumDoubleTest"/>
      </group> <!-- arithmetic -->
    </groups>
    <test name="Test classes for arithmetic methods" duration-ms="39" started-at="2018-06-26T11:35:28Z" finished-at="2018-06-26T11:35:28Z">
      <class name="tests.testng.SubLongTest">
        <test-method status="PASS" signature="before()[pri:0, instance:tests.testng.SubLongTest@17ed40e0]" name="before" is-config="true" duration-ms="0" started-at="2018-06-26T11:35:28Z" finished-at="2018-06-26T11:35:28Z">
          <reporter-output>
          </reporter-output>
        </test-method> <!-- before -->
        <test-method status="PASS" signature="subLongTest(long, long, long)[pri:0, instance:tests.testng.SubLongTest@17ed40e0]" name="subLongTest" duration-ms="0" started-at="2018-06-26T11:35:28Z" data-provider="longValuesForSum" finished-at="2018-06-26T11:35:28Z">
          <params>
            <param index="0">
              <value>
                <![CDATA[2]]>
              </value>
            </param>
            <param index="1">
              <value>
                <![CDATA[2]]>
              </value>
            </param>
            <param index="2">
              <value>
                <![CDATA[0]]>
              </value>
            </param>
          </params>
          <reporter-output>
          </reporter-output>
        </test-method> <!-- subLongTest -->
        <test-method status="PASS" signature="subLongTest(long, long, long)[pri:0, instance:tests.testng.SubLongTest@17ed40e0]" name="subLongTest" duration-ms="0" started-at="2018-06-26T11:35:28Z" data-provider="longValuesForSum" finished-at="2018-06-26T11:35:28Z">
          <params>
            <param index="0">
              <value>
                <![CDATA[143]]>
              </value>
            </param>
            <param index="1">
              <value>
                <![CDATA[0]]>
              </value>
            </param>
            <param index="2">
              <value>
                <![CDATA[143]]>
              </value>
            </param>
          </params>
          <reporter-output>
          </reporter-output>
        </test-method> <!-- subLongTest -->
        <test-method status="PASS" signature="subLongTest(long, long, long)[pri:0, instance:tests.testng.SubLongTest@17ed40e0]" name="subLongTest" duration-ms="0" started-at="2018-06-26T11:35:28Z" data-provider="longValuesForSum" finished-at="2018-06-26T11:35:28Z">
          <params>
            <param index="0">
              <value>
                <![CDATA[5]]>
              </value>
            </param>
            <param index="1">
              <value>
                <![CDATA[-10]]>
              </value>
            </param>
            <param index="2">
              <value>
                <![CDATA[15]]>
              </value>
            </param>
          </params>
          <reporter-output>
          </reporter-output>
        </test-method> <!-- subLongTest -->
        <test-method status="PASS" signature="subLongTest(long, long, long)[pri:0, instance:tests.testng.SubLongTest@17ed40e0]" name="subLongTest" duration-ms="0" started-at="2018-06-26T11:35:28Z" data-provider="longValuesForSum" finished-at="2018-06-26T11:35:28Z">
          <params>
            <param index="0">
              <value>
                <![CDATA[-130]]>
              </value>
            </param>
            <param index="1">
              <value>
                <![CDATA[-120]]>
              </value>
            </param>
            <param index="2">
              <value>
                <![CDATA[-10]]>
              </value>
            </param>
          </params>
          <reporter-output>
          </reporter-output>
        </test-method> <!-- subLongTest -->
        <test-method status="PASS" signature="subLongTest(long, long, long)[pri:0, instance:tests.testng.SubLongTest@17ed40e0]" name="subLongTest" duration-ms="0" started-at="2018-06-26T11:35:28Z" data-provider="longValuesForSum" finished-at="2018-06-26T11:35:28Z">
          <params>
            <param index="0">
              <value>
                <![CDATA[-120]]>
              </value>
            </param>
            <param index="1">
              <value>
                <![CDATA[-120]]>
              </value>
            </param>
            <param index="2">
              <value>
                <![CDATA[0]]>
              </value>
            </param>
          </params>
          <reporter-output>
          </reporter-output>
        </test-method> <!-- subLongTest -->
        <test-method status="PASS" signature="after()[pri:0, instance:tests.testng.SubLongTest@17ed40e0]" name="after" is-config="true" duration-ms="0" started-at="2018-06-26T11:35:28Z" finished-at="2018-06-26T11:35:28Z">
          <reporter-output>
          </reporter-output>
        </test-method> <!-- after -->
      </class> <!-- tests.testng.SubLongTest -->
      <class name="tests.testng.SumDoubleTest">
        <test-method status="PASS" signature="before()[pri:0, instance:tests.testng.SumDoubleTest@50675690]" name="before" is-config="true" duration-ms="0" started-at="2018-06-26T11:35:28Z" finished-at="2018-06-26T11:35:28Z">
          <reporter-output>
          </reporter-output>
        </test-method> <!-- before -->
        <test-method status="PASS" signature="sumDoubleTest(double, double, double)[pri:0, instance:tests.testng.SumDoubleTest@50675690]" name="sumDoubleTest" duration-ms="1" started-at="2018-06-26T11:35:28Z" data-provider="doubleValuesForSum" finished-at="2018-06-26T11:35:28Z">
          <params>
            <param index="0">
              <value>
                <![CDATA[3.0]]>
              </value>
            </param>
            <param index="1">
              <value>
                <![CDATA[-4.0]]>
              </value>
            </param>
            <param index="2">
              <value>
                <![CDATA[-1.0]]>
              </value>
            </param>
          </params>
          <reporter-output>
          </reporter-output>
        </test-method> <!-- sumDoubleTest -->
        <test-method status="PASS" signature="sumDoubleTest(double, double, double)[pri:0, instance:tests.testng.SumDoubleTest@50675690]" name="sumDoubleTest" duration-ms="0" started-at="2018-06-26T11:35:28Z" data-provider="doubleValuesForSum" finished-at="2018-06-26T11:35:28Z">
          <params>
            <param index="0">
              <value>
                <![CDATA[2.2]]>
              </value>
            </param>
            <param index="1">
              <value>
                <![CDATA[2.8]]>
              </value>
            </param>
            <param index="2">
              <value>
                <![CDATA[5.0]]>
              </value>
            </param>
          </params>
          <reporter-output>
          </reporter-output>
        </test-method> <!-- sumDoubleTest -->
        <test-method status="PASS" signature="after()[pri:0, instance:tests.testng.SumDoubleTest@50675690]" name="after" is-config="true" duration-ms="0" started-at="2018-06-26T11:35:28Z" finished-at="2018-06-26T11:35:28Z">
          <reporter-output>
          </reporter-output>
        </test-method> <!-- after -->
        <test-method status="PASS" signature="sumDoubleTest(double, double, double)[pri:0, instance:tests.testng.SumDoubleTest@50675690]" name="sumDoubleTest" duration-ms="0" started-at="2018-06-26T11:35:28Z" data-provider="doubleValuesForSum" finished-at="2018-06-26T11:35:28Z">
          <params>
            <param index="0">
              <value>
                <![CDATA[100.0]]>
              </value>
            </param>
            <param index="1">
              <value>
                <![CDATA[0.0]]>
              </value>
            </param>
            <param index="2">
              <value>
                <![CDATA[100.0]]>
              </value>
            </param>
          </params>
          <reporter-output>
          </reporter-output>
        </test-method> <!-- sumDoubleTest -->
      </class> <!-- tests.testng.SumDoubleTest -->
      <class name="tests.testng.DivLongTest">
        <test-method status="PASS" signature="before()[pri:0, instance:tests.testng.DivLongTest@5fe5c6f]" name="before" is-config="true" duration-ms="0" started-at="2018-06-26T11:35:28Z" finished-at="2018-06-26T11:35:28Z">
          <reporter-output>
          </reporter-output>
        </test-method> <!-- before -->
        <test-method status="FAIL" signature="sumDoubleTest(long, long, long)[pri:0, instance:tests.testng.DivLongTest@5fe5c6f]" name="sumDoubleTest" duration-ms="0" started-at="2018-06-26T11:35:28Z" data-provider="longValuesForDiv" finished-at="2018-06-26T11:35:28Z">
          <params>
            <param index="0">
              <value>
                <![CDATA[2]]>
              </value>
            </param>
            <param index="1">
              <value>
                <![CDATA[0]]>
              </value>
            </param>
            <param index="2">
              <value>
                <![CDATA[0]]>
              </value>
            </param>
          </params>
          <exception class="java.lang.NumberFormatException">
            <message>
              <![CDATA[Attempt to divide by zero]]>
            </message>
            <full-stacktrace>
              <![CDATA[java.lang.NumberFormatException: Attempt to divide by zero
at com.epam.tat.module4.Calculator.div(Calculator.java:34)
at tests.testng.DivLongTest.sumDoubleTest(DivLongTest.java:14)
at sun.reflect.NativeMethodAccessorImpl.invoke0(Native Method)
at sun.reflect.NativeMethodAccessorImpl.invoke(NativeMethodAccessorImpl.java:62)
at sun.reflect.DelegatingMethodAccessorImpl.invoke(DelegatingMethodAccessorImpl.java:43)
at java.lang.reflect.Method.invoke(Method.java:498)
at org.testng.internal.MethodInvocationHelper.invokeMethod(MethodInvocationHelper.java:124)
at org.testng.internal.Invoker.invokeMethod(Invoker.java:583)
at org.testng.internal.Invoker.invokeTestMethod(Invoker.java:719)
at org.testng.internal.Invoker.invokeTestMethods(Invoker.java:989)
at org.testng.internal.TestMethodWorker.invokeTestMethods(TestMethodWorker.java:125)
at org.testng.internal.TestMethodWorker.run(TestMethodWorker.java:109)
at org.testng.TestRunner.privateRun(TestRunner.java:648)
at org.testng.TestRunner.run(TestRunner.java:505)
at org.testng.SuiteRunner.runTest(SuiteRunner.java:455)
at org.testng.SuiteRunner.access$000(SuiteRunner.java:40)
at org.testng.SuiteRunner$SuiteWorker.run(SuiteRunner.java:489)
at org.testng.internal.thread.ThreadUtil$1.call(ThreadUtil.java:52)
at java.util.concurrent.FutureTask.run(FutureTask.java:266)
at java.util.concurrent.ThreadPoolExecutor.runWorker(ThreadPoolExecutor.java:1149)
at java.util.concurrent.ThreadPoolExecutor$Worker.run(ThreadPoolExecutor.java:624)
at java.lang.Thread.run(Thread.java:748)
]]>
            </full-stacktrace>
          </exception> <!-- java.lang.NumberFormatException -->
          <reporter-output>
          </reporter-output>
        </test-method> <!-- sumDoubleTest -->
        <test-method status="PASS" signature="sumDoubleTest(long, long, long)[pri:0, instance:tests.testng.DivLongTest@5fe5c6f]" name="sumDoubleTest" duration-ms="0" started-at="2018-06-26T11:35:28Z" data-provider="longValuesForDiv" finished-at="2018-06-26T11:35:28Z">
          <params>
            <param index="0">
              <value>
                <![CDATA[8]]>
              </value>
            </param>
            <param index="1">
              <value>
                <![CDATA[-4]]>
              </value>
            </param>
            <param index="2">
              <value>
                <![CDATA[-2]]>
              </value>
            </param>
          </params>
          <reporter-output>
          </reporter-output>
        </test-method> <!-- sumDoubleTest -->
        <test-method status="PASS" signature="sumDoubleTest(long, long, long)[pri:0, instance:tests.testng.DivLongTest@5fe5c6f]" name="sumDoubleTest" duration-ms="0" started-at="2018-06-26T11:35:28Z" data-provider="longValuesForDiv" finished-at="2018-06-26T11:35:28Z">
          <params>
            <param index="0">
              <value>
                <![CDATA[-100]]>
              </value>
            </param>
            <param index="1">
              <value>
                <![CDATA[-5]]>
              </value>
            </param>
            <param index="2">
              <value>
                <![CDATA[20]]>
              </value>
            </param>
          </params>
          <reporter-output>
          </reporter-output>
        </test-method> <!-- sumDoubleTest -->
        <test-method status="PASS" signature="sumDoubleTest(long, long, long)[pri:0, instance:tests.testng.DivLongTest@5fe5c6f]" name="sumDoubleTest" duration-ms="1" started-at="2018-06-26T11:35:28Z" data-provider="longValuesForDiv" finished-at="2018-06-26T11:35:28Z">
          <params>
            <param index="0">
              <value>
                <![CDATA[20]]>
              </value>
            </param>
            <param index="1">
              <value>
                <![CDATA[2]]>
              </value>
            </param>
            <param index="2">
              <value>
                <![CDATA[10]]>
              </value>
            </param>
          </params>
          <reporter-output>
          </reporter-output>
        </test-method> <!-- sumDoubleTest -->
        <test-method status="PASS" signature="after()[pri:0, instance:tests.testng.DivLongTest@5fe5c6f]" name="after" is-config="true" duration-ms="0" started-at="2018-06-26T11:35:28Z" finished-at="2018-06-26T11:35:28Z">
          <reporter-output>
          </reporter-output>
        </test-method> <!-- after -->
      </class> <!-- tests.testng.DivLongTest -->
      <class name="tests.testng.SqrtTest">
        <test-method status="PASS" signature="sqrtTest(double, double)[pri:0, instance:tests.testng.SqrtTest@2be94b0f]" name="sqrtTest" duration-ms="1" started-at="2018-06-26T11:35:28Z" data-provider="valuesForPow" finished-at="2018-06-26T11:35:28Z">
          <params>
            <param index="0">
              <value>
                <![CDATA[100.0]]>
              </value>
            </param>
            <param index="1">
              <value>
                <![CDATA[10.0]]>
              </value>
            </param>
          </params>
          <reporter-output>
          </reporter-output>
        </test-method> <!-- sqrtTest -->
        <test-method status="PASS" signature="sqrtTest(double, double)[pri:0, instance:tests.testng.SqrtTest@2be94b0f]" name="sqrtTest" duration-ms="0" started-at="2018-06-26T11:35:28Z" data-provider="valuesForPow" finished-at="2018-06-26T11:35:28Z">
          <params>
            <param index="0">
              <value>
                <![CDATA[4.0]]>
              </value>
            </param>
            <param index="1">
              <value>
                <![CDATA[2.0]]>
              </value>
            </param>
          </params>
          <reporter-output>
          </reporter-output>
        </test-method> <!-- sqrtTest -->
        <test-method status="PASS" signature="before()[pri:0, instance:tests.testng.SqrtTest@2be94b0f]" name="before" is-config="true" duration-ms="0" started-at="2018-06-26T11:35:28Z" finished-at="2018-06-26T11:35:28Z">
          <reporter-output>
          </reporter-output>
        </test-method> <!-- before -->
        <test-method status="PASS" signature="sqrtTest(double, double)[pri:0, instance:tests.testng.SqrtTest@2be94b0f]" name="sqrtTest" duration-ms="0" started-at="2018-06-26T11:35:28Z" data-provider="valuesForPow" finished-at="2018-06-26T11:35:28Z">
          <params>
            <param index="0">
              <value>
                <![CDATA[-900.0]]>
              </value>
            </param>
            <param index="1">
              <value>
                <![CDATA[30.0]]>
              </value>
            </param>
          </params>
          <reporter-output>
          </reporter-output>
        </test-method> <!-- sqrtTest -->
        <test-method status="PASS" signature="after()[pri:0, instance:tests.testng.SqrtTest@2be94b0f]" name="after" is-config="true" duration-ms="0" started-at="2018-06-26T11:35:28Z" finished-at="2018-06-26T11:35:28Z">
          <reporter-output>
          </reporter-output>
        </test-method> <!-- after -->
      </class> <!-- tests.testng.SqrtTest -->
      <class name="tests.testng.PowTest">
        <test-method status="PASS" signature="before()[pri:0, instance:tests.testng.PowTest@5c0369c4]" name="before" is-config="true" duration-ms="0" started-at="2018-06-26T11:35:28Z" finished-at="2018-06-26T11:35:28Z">
          <reporter-output>
          </reporter-output>
        </test-method> <!-- before -->
        <test-method status="PASS" signature="twoPow2(double, double, double)[pri:0, instance:tests.testng.PowTest@5c0369c4]" name="twoPow2" duration-ms="0" started-at="2018-06-26T11:35:28Z" data-provider="valuesForPow" finished-at="2018-06-26T11:35:28Z">
          <params>
            <param index="0">
              <value>
                <![CDATA[2.0]]>
              </value>
            </param>
            <param index="1">
              <value>
                <![CDATA[2.0]]>
              </value>
            </param>
            <param index="2">
              <value>
                <![CDATA[4.0]]>
              </value>
            </param>
          </params>
          <reporter-output>
          </reporter-output>
        </test-method> <!-- twoPow2 -->
        <test-method status="PASS" signature="twoPow2(double, double, double)[pri:0, instance:tests.testng.PowTest@5c0369c4]" name="twoPow2" duration-ms="0" started-at="2018-06-26T11:35:28Z" data-provider="valuesForPow" finished-at="2018-06-26T11:35:28Z">
          <params>
            <param index="0">
              <value>
                <![CDATA[10.0]]>
              </value>
            </param>
            <param index="1">
              <value>
                <![CDATA[0.0]]>
              </value>
            </param>
            <param index="2">
              <value>
                <![CDATA[1.0]]>
              </value>
            </param>
          </params>
          <reporter-output>
          </reporter-output>
        </test-method> <!-- twoPow2 -->
        <test-method status="PASS" signature="twoPow2(double, double, double)[pri:0, instance:tests.testng.PowTest@5c0369c4]" name="twoPow2" duration-ms="0" started-at="2018-06-26T11:35:28Z" data-provider="valuesForPow" finished-at="2018-06-26T11:35:28Z">
          <params>
            <param index="0">
              <value>
                <![CDATA[100.0]]>
              </value>
            </param>
            <param index="1">
              <value>
                <![CDATA[-1.0]]>
              </value>
            </param>
            <param index="2">
              <value>
                <![CDATA[0.01]]>
              </value>
            </param>
          </params>
          <reporter-output>
          </reporter-output>
        </test-method> <!-- twoPow2 -->
        <test-method status="PASS" signature="after()[pri:0, instance:tests.testng.PowTest@5c0369c4]" name="after" is-config="true" duration-ms="0" started-at="2018-06-26T11:35:28Z" finished-at="2018-06-26T11:35:28Z">
          <reporter-output>
          </reporter-output>
        </test-method> <!-- after -->
      </class> <!-- tests.testng.PowTest -->
      <class name="tests.testng.MultDoubleTest">
        <test-method status="PASS" signature="multDoubleTest(double, double, double)[pri:0, instance:tests.testng.MultDoubleTest@6979e8cb]" name="multDoubleTest" duration-ms="1" started-at="2018-06-26T11:35:28Z" data-provider="doubleValuesForMult" finished-at="2018-06-26T11:35:28Z">
          <params>
            <param index="0">
              <value>
                <![CDATA[2.2]]>
              </value>
            </param>
            <param index="1">
              <value>
                <![CDATA[2.0]]>
              </value>
            </param>
            <param index="2">
              <value>
                <![CDATA[4.0]]>
              </value>
            </param>
          </params>
          <reporter-output>
          </reporter-output>
        </test-method> <!-- multDoubleTest -->
        <test-method status="PASS" signature="before()[pri:0, instance:tests.testng.MultDoubleTest@6979e8cb]" name="before" is-config="true" duration-ms="0" started-at="2018-06-26T11:35:28Z" finished-at="2018-06-26T11:35:28Z">
          <reporter-output>
          </reporter-output>
        </test-method> <!-- before -->
        <test-method status="PASS" signature="multDoubleTest(double, double, double)[pri:0, instance:tests.testng.MultDoubleTest@6979e8cb]" name="multDoubleTest" duration-ms="1" started-at="2018-06-26T11:35:28Z" data-provider="doubleValuesForMult" finished-at="2018-06-26T11:35:28Z">
          <params>
            <param index="0">
              <value>
                <![CDATA[100.0]]>
              </value>
            </param>
            <param index="1">
              <value>
                <![CDATA[0.0]]>
              </value>
            </param>
            <param index="2">
              <value>
                <![CDATA[0.0]]>
              </value>
            </param>
          </params>
          <reporter-output>
          </reporter-output>
        </test-method> <!-- multDoubleTest -->
        <test-method status="PASS" signature="multDoubleTest(double, double, double)[pri:0, instance:tests.testng.MultDoubleTest@6979e8cb]" name="multDoubleTest" duration-ms="0" started-at="2018-06-26T11:35:28Z" data-provider="doubleValuesForMult" finished-at="2018-06-26T11:35:28Z">
          <params>
            <param index="0">
              <value>
                <![CDATA[3.0]]>
              </value>
            </param>
            <param index="1">
              <value>
                <![CDATA[-4.0]]>
              </value>
            </param>
            <param index="2">
              <value>
                <![CDATA[-12.0]]>
              </value>
            </param>
          </params>
          <reporter-output>
          </reporter-output>
        </test-method> <!-- multDoubleTest -->
        <test-method status="PASS" signature="multDoubleTest(double, double, double)[pri:0, instance:tests.testng.MultDoubleTest@6979e8cb]" name="multDoubleTest" duration-ms="1" started-at="2018-06-26T11:35:28Z" data-provider="doubleValuesForMult" finished-at="2018-06-26T11:35:28Z">
          <params>
            <param index="0">
              <value>
                <![CDATA[-2.0]]>
              </value>
            </param>
            <param index="1">
              <value>
                <![CDATA[-2.0]]>
              </value>
            </param>
            <param index="2">
              <value>
                <![CDATA[4.0]]>
              </value>
            </param>
          </params>
          <reporter-output>
          </reporter-output>
        </test-method> <!-- multDoubleTest -->
        <test-method status="PASS" signature="after()[pri:0, instance:tests.testng.MultDoubleTest@6979e8cb]" name="after" is-config="true" duration-ms="0" started-at="2018-06-26T11:35:28Z" finished-at="2018-06-26T11:35:28Z">
          <reporter-output>
          </reporter-output>
        </test-method> <!-- after -->
      </class> <!-- tests.testng.MultDoubleTest -->
      <class name="tests.testng.SubDoubleTest">
        <test-method status="PASS" signature="before()[pri:0, instance:tests.testng.SubDoubleTest@d70c109]" name="before" is-config="true" duration-ms="0" started-at="2018-06-26T11:35:28Z" finished-at="2018-06-26T11:35:28Z">
          <reporter-output>
          </reporter-output>
        </test-method> <!-- before -->
        <test-method status="PASS" signature="subDoubleTest(double, double, double)[pri:0, instance:tests.testng.SubDoubleTest@d70c109]" name="subDoubleTest" duration-ms="0" started-at="2018-06-26T11:35:28Z" data-provider="doubleValuesForSub" finished-at="2018-06-26T11:35:28Z">
          <params>
            <param index="0">
              <value>
                <![CDATA[2.2]]>
              </value>
            </param>
            <param index="1">
              <value>
                <![CDATA[2.2]]>
              </value>
            </param>
            <param index="2">
              <value>
                <![CDATA[0.0]]>
              </value>
            </param>
          </params>
          <reporter-output>
          </reporter-output>
        </test-method> <!-- subDoubleTest -->
        <test-method status="PASS" signature="subDoubleTest(double, double, double)[pri:0, instance:tests.testng.SubDoubleTest@d70c109]" name="subDoubleTest" duration-ms="0" started-at="2018-06-26T11:35:28Z" data-provider="doubleValuesForSub" finished-at="2018-06-26T11:35:28Z">
          <params>
            <param index="0">
              <value>
                <![CDATA[3.0]]>
              </value>
            </param>
            <param index="1">
              <value>
                <![CDATA[-4.0]]>
              </value>
            </param>
            <param index="2">
              <value>
                <![CDATA[7.0]]>
              </value>
            </param>
          </params>
          <reporter-output>
          </reporter-output>
        </test-method> <!-- subDoubleTest -->
        <test-method status="PASS" signature="subDoubleTest(double, double, double)[pri:0, instance:tests.testng.SubDoubleTest@d70c109]" name="subDoubleTest" duration-ms="0" started-at="2018-06-26T11:35:28Z" data-provider="doubleValuesForSub" finished-at="2018-06-26T11:35:28Z">
          <params>
            <param index="0">
              <value>
                <![CDATA[100.0]]>
              </value>
            </param>
            <param index="1">
              <value>
                <![CDATA[0.0]]>
              </value>
            </param>
            <param index="2">
              <value>
                <![CDATA[100.0]]>
              </value>
            </param>
          </params>
          <reporter-output>
          </reporter-output>
        </test-method> <!-- subDoubleTest -->
        <test-method status="PASS" signature="after()[pri:0, instance:tests.testng.SubDoubleTest@d70c109]" name="after" is-config="true" duration-ms="4" started-at="2018-06-26T11:35:28Z" finished-at="2018-06-26T11:35:28Z">
          <reporter-output>
          </reporter-output>
        </test-method> <!-- after -->
        <test-method status="PASS" signature="subDoubleTest(double, double, double)[pri:0, instance:tests.testng.SubDoubleTest@d70c109]" name="subDoubleTest" duration-ms="0" started-at="2018-06-26T11:35:28Z" data-provider="doubleValuesForSub" finished-at="2018-06-26T11:35:28Z">
          <params>
            <param index="0">
              <value>
                <![CDATA[-20.0]]>
              </value>
            </param>
            <param index="1">
              <value>
                <![CDATA[-10.0]]>
              </value>
            </param>
            <param index="2">
              <value>
                <![CDATA[-10.0]]>
              </value>
            </param>
          </params>
          <reporter-output>
          </reporter-output>
        </test-method> <!-- subDoubleTest -->
      </class> <!-- tests.testng.SubDoubleTest -->
      <class name="tests.testng.DivDoubleTest">
        <test-method status="PASS" signature="before()[pri:0, instance:tests.testng.DivDoubleTest@2471cca7]" name="before" is-config="true" duration-ms="1" started-at="2018-06-26T11:35:28Z" finished-at="2018-06-26T11:35:28Z">
          <reporter-output>
          </reporter-output>
        </test-method> <!-- before -->
        <test-method status="FAIL" signature="divDoubleTest(double, double, double)[pri:0, instance:tests.testng.DivDoubleTest@2471cca7]" name="divDoubleTest" duration-ms="1" started-at="2018-06-26T11:35:28Z" data-provider="doubleValuesForDiv" finished-at="2018-06-26T11:35:28Z">
          <params>
            <param index="0">
              <value>
                <![CDATA[2.2]]>
              </value>
            </param>
            <param index="1">
              <value>
                <![CDATA[0.0]]>
              </value>
            </param>
            <param index="2">
              <value>
                <![CDATA[4.0]]>
              </value>
            </param>
          </params>
          <exception class="java.lang.AssertionError">
            <message>
              <![CDATA[expected [true] but found [false]]]>
            </message>
            <full-stacktrace>
              <![CDATA[java.lang.AssertionError: expected [true] but found [false]
at org.testng.Assert.fail(Assert.java:96)
at org.testng.Assert.failNotEquals(Assert.java:776)
at org.testng.Assert.assertTrue(Assert.java:44)
at org.testng.Assert.assertTrue(Assert.java:54)
at tests.testng.DivDoubleTest.divDoubleTest(DivDoubleTest.java:15)
at sun.reflect.NativeMethodAccessorImpl.invoke0(Native Method)
at sun.reflect.NativeMethodAccessorImpl.invoke(NativeMethodAccessorImpl.java:62)
at sun.reflect.DelegatingMethodAccessorImpl.invoke(DelegatingMethodAccessorImpl.java:43)
at java.lang.reflect.Method.invoke(Method.java:498)
at org.testng.internal.MethodInvocationHelper.invokeMethod(MethodInvocationHelper.java:124)
at org.testng.internal.Invoker.invokeMethod(Invoker.java:583)
at org.testng.internal.Invoker.invokeTestMethod(Invoker.java:719)
at org.testng.internal.Invoker.invokeTestMethods(Invoker.java:989)
at org.testng.internal.TestMethodWorker.invokeTestMethods(TestMethodWorker.java:125)
at org.testng.internal.TestMethodWorker.run(TestMethodWorker.java:109)
at org.testng.TestRunner.privateRun(TestRunner.java:648)
at org.testng.TestRunner.run(TestRunner.java:505)
at org.testng.SuiteRunner.runTest(SuiteRunner.java:455)
at org.testng.SuiteRunner.access$000(SuiteRunner.java:40)
at org.testng.SuiteRunner$SuiteWorker.run(SuiteRunner.java:489)
at org.testng.internal.thread.ThreadUtil$1.call(ThreadUtil.java:52)
at java.util.concurrent.FutureTask.run(FutureTask.java:266)
at java.util.concurrent.ThreadPoolExecutor.runWorker(ThreadPoolExecutor.java:1149)
at java.util.concurrent.ThreadPoolExecutor$Worker.run(ThreadPoolExecutor.java:624)
at java.lang.Thread.run(Thread.java:748)
]]>
            </full-stacktrace>
          </exception> <!-- java.lang.AssertionError -->
          <reporter-output>
          </reporter-output>
        </test-method> <!-- divDoubleTest -->
        <test-method status="PASS" signature="divDoubleTest(double, double, double)[pri:0, instance:tests.testng.DivDoubleTest@2471cca7]" name="divDoubleTest" duration-ms="1" started-at="2018-06-26T11:35:28Z" data-provider="doubleValuesForDiv" finished-at="2018-06-26T11:35:28Z">
          <params>
            <param index="0">
              <value>
                <![CDATA[8.0]]>
              </value>
            </param>
            <param index="1">
              <value>
                <![CDATA[-4.0]]>
              </value>
            </param>
            <param index="2">
              <value>
                <![CDATA[-2.0]]>
              </value>
            </param>
          </params>
          <reporter-output>
          </reporter-output>
        </test-method> <!-- divDoubleTest -->
        <test-method status="PASS" signature="divDoubleTest(double, double, double)[pri:0, instance:tests.testng.DivDoubleTest@2471cca7]" name="divDoubleTest" duration-ms="0" started-at="2018-06-26T11:35:28Z" data-provider="doubleValuesForDiv" finished-at="2018-06-26T11:35:28Z">
          <params>
            <param index="0">
              <value>
                <![CDATA[-100.0]]>
              </value>
            </param>
            <param index="1">
              <value>
                <![CDATA[-5.0]]>
              </value>
            </param>
            <param index="2">
              <value>
                <![CDATA[20.0]]>
              </value>
            </param>
          </params>
          <reporter-output>
          </reporter-output>
        </test-method> <!-- divDoubleTest -->
        <test-method status="PASS" signature="divDoubleTest(double, double, double)[pri:0, instance:tests.testng.DivDoubleTest@2471cca7]" name="divDoubleTest" duration-ms="1" started-at="2018-06-26T11:35:28Z" data-provider="doubleValuesForDiv" finished-at="2018-06-26T11:35:28Z">
          <params>
            <param index="0">
              <value>
                <![CDATA[20.0]]>
              </value>
            </param>
            <param index="1">
              <value>
                <![CDATA[2.0]]>
              </value>
            </param>
            <param index="2">
              <value>
                <![CDATA[10.0]]>
              </value>
            </param>
          </params>
          <reporter-output>
          </reporter-output>
        </test-method> <!-- divDoubleTest -->
        <test-method status="PASS" signature="after()[pri:0, instance:tests.testng.DivDoubleTest@2471cca7]" name="after" is-config="true" duration-ms="3" started-at="2018-06-26T11:35:28Z" finished-at="2018-06-26T11:35:28Z">
          <reporter-output>
          </reporter-output>
        </test-method> <!-- after -->
      </class> <!-- tests.testng.DivDoubleTest -->
      <class name="tests.testng.MultLongTest">
        <test-method status="PASS" signature="before()[pri:0, instance:tests.testng.MultLongTest@763d9750]" name="before" is-config="true" duration-ms="0" started-at="2018-06-26T11:35:28Z" finished-at="2018-06-26T11:35:28Z">
          <reporter-output>
          </reporter-output>
        </test-method> <!-- before -->
        <test-method status="PASS" signature="multLongTest(long, long, long)[pri:0, instance:tests.testng.MultLongTest@763d9750]" name="multLongTest" duration-ms="0" started-at="2018-06-26T11:35:28Z" data-provider="longValuesForMult" finished-at="2018-06-26T11:35:28Z">
          <params>
            <param index="0">
              <value>
                <![CDATA[2]]>
              </value>
            </param>
            <param index="1">
              <value>
                <![CDATA[2]]>
              </value>
            </param>
            <param index="2">
              <value>
                <![CDATA[4]]>
              </value>
            </param>
          </params>
          <reporter-output>
          </reporter-output>
        </test-method> <!-- multLongTest -->
        <test-method status="PASS" signature="multLongTest(long, long, long)[pri:0, instance:tests.testng.MultLongTest@763d9750]" name="multLongTest" duration-ms="0" started-at="2018-06-26T11:35:28Z" data-provider="longValuesForMult" finished-at="2018-06-26T11:35:28Z">
          <params>
            <param index="0">
              <value>
                <![CDATA[5]]>
              </value>
            </param>
            <param index="1">
              <value>
                <![CDATA[-10]]>
              </value>
            </param>
            <param index="2">
              <value>
                <![CDATA[-50]]>
              </value>
            </param>
          </params>
          <reporter-output>
          </reporter-output>
        </test-method> <!-- multLongTest -->
        <test-method status="PASS" signature="multLongTest(long, long, long)[pri:0, instance:tests.testng.MultLongTest@763d9750]" name="multLongTest" duration-ms="0" started-at="2018-06-26T11:35:28Z" data-provider="longValuesForMult" finished-at="2018-06-26T11:35:28Z">
          <params>
            <param index="0">
              <value>
                <![CDATA[143]]>
              </value>
            </param>
            <param index="1">
              <value>
                <![CDATA[0]]>
              </value>
            </param>
            <param index="2">
              <value>
                <![CDATA[0]]>
              </value>
            </param>
          </params>
          <reporter-output>
          </reporter-output>
        </test-method> <!-- multLongTest -->
        <test-method status="PASS" signature="after()[pri:0, instance:tests.testng.MultLongTest@763d9750]" name="after" is-config="true" duration-ms="0" started-at="2018-06-26T11:35:28Z" finished-at="2018-06-26T11:35:28Z">
          <reporter-output>
          </reporter-output>
        </test-method> <!-- after -->
        <test-method status="PASS" signature="multLongTest(long, long, long)[pri:0, instance:tests.testng.MultLongTest@763d9750]" name="multLongTest" duration-ms="0" started-at="2018-06-26T11:35:28Z" data-provider="longValuesForMult" finished-at="2018-06-26T11:35:28Z">
          <params>
            <param index="0">
              <value>
                <![CDATA[-2]]>
              </value>
            </param>
            <param index="1">
              <value>
                <![CDATA[-5]]>
              </value>
            </param>
            <param index="2">
              <value>
                <![CDATA[10]]>
              </value>
            </param>
          </params>
          <reporter-output>
          </reporter-output>
        </test-method> <!-- multLongTest -->
      </class> <!-- tests.testng.MultLongTest -->
    </test> <!-- Test classes for arithmetic methods -->
  </suite> <!-- Suite (1) -->
  <suite name="Suite (0)" duration-ms="11" started-at="2018-06-26T11:35:28Z" finished-at="2018-06-26T11:35:28Z">
    <groups>
      <group name="other">
        <method signature="IsNegativeTest.isNegativeTest(long, boolean)[pri:0, instance:tests.testng.IsNegativeTest@1c2c22f3]" name="isNegativeTest" class="tests.testng.IsNegativeTest"/>
        <method signature="IsPositiveTest.isPositiveTest(long, boolean)[pri:0, instance:tests.testng.IsPositiveTest@18e8568]" name="isPositiveTest" class="tests.testng.IsPositiveTest"/>
      </group> <!-- other -->
    </groups>
    <test name="Test classes for other methods" duration-ms="11" started-at="2018-06-26T11:35:28Z" finished-at="2018-06-26T11:35:28Z">
      <class name="tests.testng.IsPositiveTest">
        <test-method status="PASS" signature="isPositiveTest(long, boolean)[pri:0, instance:tests.testng.IsPositiveTest@18e8568]" name="isPositiveTest" duration-ms="1" started-at="2018-06-26T11:35:28Z" data-provider="valuesForIsPositive" finished-at="2018-06-26T11:35:28Z">
          <params>
            <param index="0">
              <value>
                <![CDATA[-100]]>
              </value>
            </param>
            <param index="1">
              <value>
                <![CDATA[false]]>
              </value>
            </param>
          </params>
          <reporter-output>
          </reporter-output>
        </test-method> <!-- isPositiveTest -->
        <test-method status="PASS" signature="before()[pri:0, instance:tests.testng.IsPositiveTest@18e8568]" name="before" is-config="true" duration-ms="0" started-at="2018-06-26T11:35:28Z" finished-at="2018-06-26T11:35:28Z">
          <reporter-output>
          </reporter-output>
        </test-method> <!-- before -->
        <test-method status="PASS" signature="isPositiveTest(long, boolean)[pri:0, instance:tests.testng.IsPositiveTest@18e8568]" name="isPositiveTest" duration-ms="0" started-at="2018-06-26T11:35:28Z" data-provider="valuesForIsPositive" finished-at="2018-06-26T11:35:28Z">
          <params>
            <param index="0">
              <value>
                <![CDATA[0]]>
              </value>
            </param>
            <param index="1">
              <value>
                <![CDATA[false]]>
              </value>
            </param>
          </params>
          <reporter-output>
          </reporter-output>
        </test-method> <!-- isPositiveTest -->
        <test-method status="PASS" signature="isPositiveTest(long, boolean)[pri:0, instance:tests.testng.IsPositiveTest@18e8568]" name="isPositiveTest" duration-ms="0" started-at="2018-06-26T11:35:28Z" data-provider="valuesForIsPositive" finished-at="2018-06-26T11:35:28Z">
          <params>
            <param index="0">
              <value>
                <![CDATA[40]]>
              </value>
            </param>
            <param index="1">
              <value>
                <![CDATA[true]]>
              </value>
            </param>
          </params>
          <reporter-output>
          </reporter-output>
        </test-method> <!-- isPositiveTest -->
        <test-method status="PASS" signature="after()[pri:0, instance:tests.testng.IsPositiveTest@18e8568]" name="after" is-config="true" duration-ms="0" started-at="2018-06-26T11:35:28Z" finished-at="2018-06-26T11:35:28Z">
          <reporter-output>
          </reporter-output>
        </test-method> <!-- after -->
      </class> <!-- tests.testng.IsPositiveTest -->
      <class name="tests.testng.IsNegativeTest">
        <test-method status="PASS" signature="before()[pri:0, instance:tests.testng.IsNegativeTest@1c2c22f3]" name="before" is-config="true" duration-ms="0" started-at="2018-06-26T11:35:28Z" finished-at="2018-06-26T11:35:28Z">
          <reporter-output>
          </reporter-output>
        </test-method> <!-- before -->
        <test-method status="PASS" signature="isNegativeTest(long, boolean)[pri:0, instance:tests.testng.IsNegativeTest@1c2c22f3]" name="isNegativeTest" duration-ms="2" started-at="2018-06-26T11:35:28Z" data-provider="valuesForIsNegative" finished-at="2018-06-26T11:35:28Z">
          <params>
            <param index="0">
              <value>
                <![CDATA[-100]]>
              </value>
            </param>
            <param index="1">
              <value>
                <![CDATA[true]]>
              </value>
            </param>
          </params>
          <reporter-output>
          </reporter-output>
        </test-method> <!-- isNegativeTest -->
        <test-method status="PASS" signature="isNegativeTest(long, boolean)[pri:0, instance:tests.testng.IsNegativeTest@1c2c22f3]" name="isNegativeTest" duration-ms="0" started-at="2018-06-26T11:35:28Z" data-provider="valuesForIsNegative" finished-at="2018-06-26T11:35:28Z">
          <params>
            <param index="0">
              <value>
                <![CDATA[0]]>
              </value>
            </param>
            <param index="1">
              <value>
                <![CDATA[false]]>
              </value>
            </param>
          </params>
          <reporter-output>
          </reporter-output>
        </test-method> <!-- isNegativeTest -->
        <test-method status="PASS" signature="isNegativeTest(long, boolean)[pri:0, instance:tests.testng.IsNegativeTest@1c2c22f3]" name="isNegativeTest" duration-ms="0" started-at="2018-06-26T11:35:28Z" data-provider="valuesForIsNegative" finished-at="2018-06-26T11:35:28Z">
          <params>
            <param index="0">
              <value>
                <![CDATA[40]]>
              </value>
            </param>
            <param index="1">
              <value>
                <![CDATA[false]]>
              </value>
            </param>
          </params>
          <reporter-output>
          </reporter-output>
        </test-method> <!-- isNegativeTest -->
        <test-method status="PASS" signature="after()[pri:0, instance:tests.testng.IsNegativeTest@1c2c22f3]" name="after" is-config="true" duration-ms="1" started-at="2018-06-26T11:35:28Z" finished-at="2018-06-26T11:35:28Z">
          <reporter-output>
          </reporter-output>
        </test-method> <!-- after -->
      </class> <!-- tests.testng.IsNegativeTest -->
    </test> <!-- Test classes for other methods -->
  </suite> <!-- Suite (0) -->
  <suite name="Default Suite" duration-ms="0" started-at="2018-06-26T11:35:29Z" finished-at="2018-06-26T11:35:29Z">
    <groups>
    </groups>
  </suite> <!-- Default Suite -->
</testng-results>
