<?xml version="1.0" encoding="UTF-8"?>
<!-- Generated by org.testng.reporters.JUnitReportReporter -->
<testsuite skipped="0" hostname="DESKTOP-1E44LHG" name="arithmetics.longnumber.TestForDivLongMethod" tests="4" failures="0" timestamp="24 Jun 2018 14:29:02 GMT" time="0.017" errors="1">
  <testcase name="testSumLongType" time="0.002" classname="arithmetics.longnumber.TestForDivLongMethod"/>
  <testcase name="testSumLongType" time="0.000" classname="arithmetics.longnumber.TestForDivLongMethod"/>
  <testcase name="testSumLongType" time="0.000" classname="arithmetics.longnumber.TestForDivLongMethod">
    <error type="java.lang.NumberFormatException" message="Attempt to divide by zero">
      <![CDATA[java.lang.NumberFormatException: Attempt to divide by zero
at com.epam.tat.module4.Calculator.div(Calculator.java:34)
at arithmetics.longnumber.TestForDivLongMethod.testSumLongType(TestForDivLongMethod.java:16)
at sun.reflect.NativeMethodAccessorImpl.invoke0(Native Method)
at sun.reflect.NativeMethodAccessorImpl.invoke(NativeMethodAccessorImpl.java:62)
at sun.reflect.DelegatingMethodAccessorImpl.invoke(DelegatingMethodAccessorImpl.java:43)
at java.lang.reflect.Method.invoke(Method.java:498)
at org.testng.internal.MethodInvocationHelper.invokeMethod(MethodInvocationHelper.java:124)
at org.testng.internal.Invoker.invokeMethod(Invoker.java:583)
at org.testng.internal.Invoker.invokeTestMethod(Invoker.java:719)
at org.testng.internal.Invoker.invokeTestMethods(Invoker.java:989)
at org.testng.internal.TestMethodWorker.invokeTestMethods(TestMethodWorker.java:125)
at org.testng.internal.TestMethodWorker.run(TestMethodWorker.java:109)
at org.testng.TestRunner.privateRun(TestRunner.java:648)
at org.testng.TestRunner.run(TestRunner.java:505)
at org.testng.SuiteRunner.runTest(SuiteRunner.java:455)
at org.testng.SuiteRunner.runSequentially(SuiteRunner.java:450)
at org.testng.SuiteRunner.privateRun(SuiteRunner.java:415)
at org.testng.SuiteRunner.run(SuiteRunner.java:364)
at org.testng.SuiteRunnerWorker.runSuite(SuiteRunnerWorker.java:52)
at org.testng.SuiteRunnerWorker.run(SuiteRunnerWorker.java:84)
at org.testng.TestNG.runSuitesSequentially(TestNG.java:1208)
at org.testng.TestNG.runSuitesSequentially(TestNG.java:1204)
at org.testng.TestNG.runSuitesLocally(TestNG.java:1137)
at org.testng.TestNG.runSuites(TestNG.java:1049)
at org.testng.TestNG.run(TestNG.java:1017)
at Runner.main(Runner.java:24)
]]>
    </error>
  </testcase> <!-- testSumLongType -->
  <testcase name="testSumLongType" time="0.015" classname="arithmetics.longnumber.TestForDivLongMethod"/>
</testsuite> <arithmetics.longnumber.TestForDivLongMethodthod -->
